[2026-06-14 16:20:10,018] INFO     GPSMock - =======================================================
[2026-06-14 16:20:10,018] INFO     GPSMock -   🌸 Pikmin Bloom 自動掛機機器人 v1.0
[2026-06-14 16:20:10,018] INFO     GPSMock -   手機 IP: 192.168.68.62
[2026-06-14 16:20:10,019] INFO     GPSMock -   ADB 模式: Wi-Fi
[2026-06-14 16:20:10,019] INFO     GPSMock - =======================================================
[2026-06-14 16:20:10,019] INFO     GPSMock - 
[1/4] 連線 ADB (Wi-Fi)...
[2026-06-14 16:20:10,019] INFO     GPSMock - 正在透過 Wi-Fi 連線至 192.168.68.62:5555 ...
[2026-06-14 16:20:10,051] INFO     GPSMock - ✓ Wi-Fi 連線成功: 192.168.68.62:5555
[2026-06-14 16:20:10,323] INFO     GPSMock - 裝置: SM-S9160 | Android 16 | 螢幕: 1080x2340 | Wi-Fi
[2026-06-14 16:20:10,323] INFO     GPSMock -   裝置: SM-S9160 (1080x2340)
[2026-06-14 16:20:10,323] INFO     GPSMock - 
[2/4] 連線 GPS 伺服器...
[2026-06-14 16:20:10,323] INFO     GPSMock - 正在連線至 192.168.68.62:8888 (超時 10 秒)...
[2026-06-14 16:20:10,327] INFO     GPSMock - TCP 連線成功: 192.168.68.62:8888
[2026-06-14 16:20:10,327] INFO     GPSMock - 正在進行雙向交握驗證...
[2026-06-14 16:20:10,449] INFO     GPSMock - ✓ 雙向交握驗證成功 (伺服器已確認連線)
[2026-06-14 16:20:10,546] INFO     GPSMock - ✓ GPS 伺服器連線與交握成功
[2026-06-14 16:20:10,546] INFO     GPSMock - 
[3/4] 啟動 Pikmin Bloom ...
[2026-06-14 16:20:10,546] INFO     GPSMock - 啟動 Pikmin Bloom ...
[2026-06-14 16:20:11,486] INFO     GPSMock - ✓ Pikmin Bloom 已啟動
[2026-06-14 16:20:21,493] INFO     GPSMock - 
[4/4] 設定步行路線...
[2026-06-14 16:20:21,493] INFO     GPSMock -   自動生成 15 個航點的路線
[2026-06-14 16:20:21,493] INFO     GPSMock - 已設定 15 個航點
[2026-06-14 16:20:21,493] INFO     GPSMock - 步行模擬器已啟動
[2026-06-14 16:20:21,493] INFO     GPSMock - 步行模擬已開始
[2026-06-14 16:20:21,493] INFO     GPSMock - 🤖 Pikmin Bloom Bot 已啟動
[2026-06-14 16:20:21,677] INFO     GPSMock - 🌸 執行種花檢查 ...
[2026-06-14 16:20:21,762] INFO     GPSMock - 開始種花
[2026-06-14 16:20:23,019] INFO     GPSMock - 🌸 種花狀態: 啟動
[2026-06-14 16:20:23,118] INFO     GPSMock - 🎁 執行收集檢查 ...
[2026-06-14 16:21:00,002] INFO     GPSMock - 🤖 [運行 1分] 步數:30 點擊:9 種花:🌷 位置:(25.04815, 121.51701)
[2026-06-14 16:21:00,111] INFO     GPSMock - 🤖 [運行 1分] 步數:30 點擊:9 種花:🌷 位置:(25.04815, 121.51701)
[2026-06-14 16:21:00,220] INFO     GPSMock - 🤖 [運行 1分] 步數:30 點擊:9 種花:🌷 位置:(25.04815, 121.51701)
[2026-06-14 16:21:00,329] INFO     GPSMock - 🤖 [運行 1分] 步數:30 點擊:9 種花:🌷 位置:(25.04815, 121.51701)
[2026-06-14 16:21:00,439] INFO     GPSMock - 🤖 [運行 1分] 步數:30 點擊:9 種花:🌷 位置:(25.04815, 121.51701)
[2026-06-14 16:21:00,547] INFO     GPSMock - 🤖 [運行 1分] 步數:30 點擊:9 種花:🌷 位置:(25.04815, 121.51701)
[2026-06-14 16:21:30,069] INFO     GPSMock - 🤖 [運行 1分] 步數:58 點擊:9 種花:🌷 位置:(25.04848, 121.51699)
[2026-06-14 16:21:30,177] INFO     GPSMock - 🤖 [運行 1分] 步數:58 點擊:9 種花:🌷 位置:(25.04848, 121.51699)
[2026-06-14 16:21:30,285] INFO     GPSMock - 🤖 [運行 1分] 步數:58 點擊:9 種花:🌷 位置:(25.04848, 121.51699)
[2026-06-14 16:21:30,393] INFO     GPSMock - 🤖 [運行 1分] 步數:58 點擊:9 種花:🌷 位置:(25.04848, 121.51699)
[2026-06-14 16:21:30,502] INFO     GPSMock - 🤖 [運行 1分] 步數:58 點擊:9 種花:🌷 位置:(25.04848, 121.51699)
[2026-06-14 16:21:30,613] INFO     GPSMock - 🤖 [運行 1分] 步數:58 點擊:9 種花:🌷 位置:(25.04848, 121.51699)
[2026-06-14 16:21:30,719] INFO     GPSMock - 🤖 [運行 1分] 步數:58 點擊:9 種花:🌷 位置:(25.04848, 121.51699)
[2026-06-14 16:21:30,828] INFO     GPSMock - 🤖 [運行 1分] 步數:58 點擊:9 種花:🌷 位置:(25.04848, 121.51699)
[2026-06-14 16:21:30,937] INFO     GPSMock - 🤖 [運行 1分] 步數:58 點擊:9 種花:🌷 位置:(25.04848, 121.51699)
[2026-06-14 16:22:00,087] INFO     GPSMock - 🤖 [運行 2分] 步數:85 點擊:9 種花:🌷 位置:(25.04879, 121.51699)
[2026-06-14 16:22:00,196] INFO     GPSMock - 🤖 [運行 2分] 步數:85 點擊:9 種花:🌷 位置:(25.04879, 121.51699)
[2026-06-14 16:22:00,306] INFO     GPSMock - 🤖 [運行 2分] 步數:85 點擊:9 種花:🌷 位置:(25.04879, 121.51699)
[2026-06-14 16:22:01,498] INFO     GPSMock - 抵達航點 0，前往航點 1
[2026-06-14 16:22:30,047] INFO     GPSMock - 🤖 [運行 2分] 步數:113 點擊:9 種花:🌷 位置:(25.04900, 121.51728)
[2026-06-14 16:22:30,156] INFO     GPSMock - 🤖 [運行 2分] 步數:113 點擊:9 種花:🌷 位置:(25.04900, 121.51728)
[2026-06-14 16:22:30,265] INFO     GPSMock - 🤖 [運行 2分] 步數:113 點擊:9 種花:🌷 位置:(25.04900, 121.51728)
[2026-06-14 16:22:30,375] INFO     GPSMock - 🤖 [運行 2分] 步數:113 點擊:9 種花:🌷 位置:(25.04900, 121.51728)
[2026-06-14 16:22:30,484] INFO     GPSMock - 🤖 [運行 2分] 步數:113 點擊:9 種花:🌷 位置:(25.04900, 121.51728)
[2026-06-14 16:22:30,593] INFO     GPSMock - 🤖 [運行 2分] 步數:113 點擊:9 種花:🌷 位置:(25.04900, 121.51728)
[2026-06-14 16:22:30,702] INFO     GPSMock - 🤖 [運行 2分] 步數:113 點擊:9 種花:🌷 位置:(25.04900, 121.51728)
[2026-06-14 16:23:00,041] INFO     GPSMock - 🤖 [運行 3分] 步數:140 點擊:9 種花:🌷 位置:(25.04920, 121.51755)
[2026-06-14 16:23:21,745] INFO     GPSMock - 🎁 執行收集檢查 ...
[2026-06-14 16:23:31,192] INFO     GPSMock - 抵達航點 1，前往航點 2
[2026-06-14 16:24:00,021] INFO     GPSMock - 🤖 [運行 4分] 步數:190 點擊:16 種花:🌷 位置:(25.04912, 121.51795)
[2026-06-14 16:24:00,130] INFO     GPSMock - 🤖 [運行 4分] 步數:190 點擊:16 種花:🌷 位置:(25.04912, 121.51795)
[2026-06-14 16:24:00,238] INFO     GPSMock - 🤖 [運行 4分] 步數:190 點擊:16 種花:🌷 位置:(25.04912, 121.51795)
[2026-06-14 16:24:00,348] INFO     GPSMock - 🤖 [運行 4分] 步數:190 點擊:16 種花:🌷 位置:(25.04912, 121.51795)
[2026-06-14 16:24:00,455] INFO     GPSMock - 🤖 [運行 4分] 步數:190 點擊:16 種花:🌷 位置:(25.04912, 121.51795)
[2026-06-14 16:24:30,093] INFO     GPSMock - 🤖 [運行 4分] 步數:218 點擊:16 種花:🌷 位置:(25.04884, 121.51812)
[2026-06-14 16:24:30,203] INFO     GPSMock - 🤖 [運行 4分] 步數:218 點擊:16 種花:🌷 位置:(25.04884, 121.51812)
[2026-06-14 16:24:30,314] INFO     GPSMock - 🤖 [運行 4分] 步數:218 點擊:16 種花:🌷 位置:(25.04884, 121.51812)
[2026-06-14 16:24:30,422] INFO     GPSMock - 🤖 [運行 4分] 步數:218 點擊:16 種花:🌷 位置:(25.04884, 121.51812)
[2026-06-14 16:24:30,532] INFO     GPSMock - 🤖 [運行 4分] 步數:218 點擊:16 種花:🌷 位置:(25.04884, 121.51812)
[2026-06-14 16:24:30,640] INFO     GPSMock - 🤖 [運行 4分] 步數:218 點擊:16 種花:🌷 位置:(25.04884, 121.51812)
[2026-06-14 16:24:30,750] INFO     GPSMock - 🤖 [運行 4分] 步數:218 點擊:16 種花:🌷 位置:(25.04884, 121.51812)
[2026-06-14 16:24:30,858] INFO     GPSMock - 🤖 [運行 4分] 步數:218 點擊:16 種花:🌷 位置:(25.04884, 121.51812)
[2026-06-14 16:24:37,509] INFO     GPSMock - 抵達航點 2，前往航點 3
[2026-06-14 16:25:00,039] INFO     GPSMock - 🤖 [運行 5分] 步數:245 點擊:16 種花:🌷 位置:(25.04854, 121.51814)
[2026-06-14 16:25:00,146] INFO     GPSMock - 🤖 [運行 5分] 步數:245 點擊:16 種花:🌷 位置:(25.04854, 121.51814)
[2026-06-14 16:25:00,256] INFO     GPSMock - 🤖 [運行 5分] 步數:245 點擊:16 種花:🌷 位置:(25.04854, 121.51814)
[2026-06-14 16:25:21,757] INFO     GPSMock - 🌸 執行種花檢查 ...
[2026-06-14 16:25:21,872] INFO     GPSMock - 停止種花
[2026-06-14 16:25:22,627] INFO     GPSMock - 🌸 種花狀態: 已關閉
[2026-06-14 16:25:30,001] INFO     GPSMock - 🤖 [運行 5分] 步數:272 點擊:18 種花:✕ 位置:(25.04823, 121.51813)
[2026-06-14 16:25:30,108] INFO     GPSMock - 🤖 [運行 5分] 步數:272 點擊:18 種花:✕ 位置:(25.04823, 121.51813)
[2026-06-14 16:25:30,218] INFO     GPSMock - 🤖 [運行 5分] 步數:272 點擊:18 種花:✕ 位置:(25.04823, 121.51813)
[2026-06-14 16:25:30,327] INFO     GPSMock - 🤖 [運行 5分] 步數:272 點擊:18 種花:✕ 位置:(25.04823, 121.51813)
[2026-06-14 16:25:34,468] ERROR    GPSMock - Socket 接收錯誤: [WinError 10054] An existing connection was forcibly closed by the remote host
[2026-06-14 16:25:34,468] WARNING  GPSMock - 與伺服器的連線已中斷
[2026-06-14 16:26:00,105] INFO     GPSMock - 🤖 [運行 6分] 步數:276 點擊:18 種花:✕ 位置:(25.04818, 121.51813)
[2026-06-14 16:26:00,213] INFO     GPSMock - 🤖 [運行 6分] 步數:276 點擊:18 種花:✕ 位置:(25.04818, 121.51813)
[2026-06-14 16:26:00,321] INFO     GPSMock - 🤖 [運行 6分] 步數:276 點擊:18 種花:✕ 位置:(25.04818, 121.51813)
[2026-06-14 16:26:00,429] INFO     GPSMock - 🤖 [運行 6分] 步數:276 點擊:18 種花:✕ 位置:(25.04818, 121.51813)
[2026-06-14 16:26:00,537] INFO     GPSMock - 🤖 [運行 6分] 步數:276 點擊:18 種花:✕ 位置:(25.04818, 121.51813)
[2026-06-14 16:26:00,647] INFO     GPSMock - 🤖 [運行 6分] 步數:276 點擊:18 種花:✕ 位置:(25.04818, 121.51813)
[2026-06-14 16:26:00,755] INFO     GPSMock - 🤖 [運行 6分] 步數:276 點擊:18 種花:✕ 位置:(25.04818, 121.51813)
