[2026-06-14 16:13:54,755] INFO     GPSMock - =======================================================
[2026-06-14 16:13:54,756] INFO     GPSMock -   🌸 Pikmin Bloom 自動掛機機器人 v1.0
[2026-06-14 16:13:54,756] INFO     GPSMock -   手機 IP: 192.168.68.62
[2026-06-14 16:13:54,756] INFO     GPSMock -   ADB 模式: Wi-Fi
[2026-06-14 16:13:54,756] INFO     GPSMock - =======================================================
[2026-06-14 16:13:54,756] INFO     GPSMock - 
[1/4] 連線 ADB (Wi-Fi)...
[2026-06-14 16:13:54,756] INFO     GPSMock - 正在透過 Wi-Fi 連線至 192.168.68.62:5555 ...
[2026-06-14 16:13:54,855] INFO     GPSMock - ✓ Wi-Fi 連線成功: 192.168.68.62:5555
[2026-06-14 16:13:55,076] INFO     GPSMock - 裝置: SM-S9160 | Android 16 | 螢幕: 1080x2340 | Wi-Fi
[2026-06-14 16:13:55,076] INFO     GPSMock -   裝置: SM-S9160 (1080x2340)
[2026-06-14 16:13:55,076] INFO     GPSMock - 
[2/4] 連線 GPS 伺服器...
[2026-06-14 16:13:55,076] INFO     GPSMock - 正在連線至 192.168.68.62:8888 (超時 10 秒)...
[2026-06-14 16:13:57,318] ERROR    GPSMock - Socket 連線失敗: [WinError 10061] No connection could be made because the target machine actively refused it
[2026-06-14 16:13:57,318] ERROR    GPSMock - GPS 伺服器連線失敗: 連線被拒絕。請確認手機端的伺服器應用程式已在運行。
[2026-06-14 16:13:57,319] ERROR    GPSMock - GPS 伺服器連線失敗。
請確認：
  1. 手機端 App 已啟動並顯示「運行中」
  2. IP 位址正確
  3. 手機與電腦在同一 Wi-Fi 網路
