[2026-06-14 16:26:43,375] INFO     GPSMock - =======================================================
[2026-06-14 16:26:43,375] INFO     GPSMock -   🌸 Pikmin Bloom 自動掛機機器人 v1.0
[2026-06-14 16:26:43,376] INFO     GPSMock -   手機 IP: 100.93.83.89
[2026-06-14 16:26:43,376] INFO     GPSMock -   ADB 模式: 無
[2026-06-14 16:26:43,376] INFO     GPSMock - =======================================================
[2026-06-14 16:26:43,376] INFO     GPSMock - 
[1/4] 連線 ADB (Tailscale)...
[2026-06-14 16:26:43,376] INFO     GPSMock -   Tailscale 可讓手機用 4G/5G、電腦用固網互相連線
[2026-06-14 16:26:43,376] INFO     GPSMock -   請確認手機與電腦都已安裝 Tailscale 並登入同一帳號
[2026-06-14 16:26:43,376] INFO     GPSMock - 正在透過 Wi-Fi 連線至 100.93.83.89:5555 ...
[2026-06-14 16:26:48,806] INFO     GPSMock - ✓ Wi-Fi 連線成功: 100.93.83.89:5555
[2026-06-14 16:26:49,086] INFO     GPSMock - 裝置: SM-S9160 | Android 16 | 螢幕: 1080x2340 | Wi-Fi
[2026-06-14 16:26:49,086] INFO     GPSMock -   裝置: SM-S9160 (1080x2340)
[2026-06-14 16:26:49,086] INFO     GPSMock - 
[2/4] 連線 GPS 伺服器...
[2026-06-14 16:26:49,086] INFO     GPSMock - 正在連線至 100.93.83.89:8888 (超時 10 秒)...
[2026-06-14 16:26:49,149] INFO     GPSMock - TCP 連線成功: 100.93.83.89:8888
[2026-06-14 16:26:49,149] INFO     GPSMock - 正在進行雙向交握驗證...
[2026-06-14 16:26:49,182] INFO     GPSMock - ✓ 雙向交握驗證成功 (伺服器已確認連線)
[2026-06-14 16:26:49,258] INFO     GPSMock - ✓ GPS 伺服器連線與交握成功
[2026-06-14 16:26:49,258] INFO     GPSMock - 
[3/4] 啟動 Pikmin Bloom ...
[2026-06-14 16:26:49,258] INFO     GPSMock - 啟動 Pikmin Bloom ...
[2026-06-14 16:26:50,246] INFO     GPSMock - ✓ Pikmin Bloom 已啟動
[2026-06-14 16:27:00,250] INFO     GPSMock - 
[4/4] 設定步行路線...
[2026-06-14 16:27:00,250] INFO     GPSMock -   自動生成 15 個航點的路線
[2026-06-14 16:27:00,250] INFO     GPSMock - 已設定 15 個航點
[2026-06-14 16:27:00,250] INFO     GPSMock - 步行模擬器已啟動
[2026-06-14 16:27:00,250] INFO     GPSMock - 步行模擬已開始
[2026-06-14 16:27:00,251] INFO     GPSMock - 🤖 Pikmin Bloom Bot 已啟動
[2026-06-14 16:27:00,608] INFO     GPSMock - 🌸 執行種花檢查 ...
[2026-06-14 16:27:00,760] INFO     GPSMock - 開始種花
[2026-06-14 16:27:02,132] INFO     GPSMock - 🌸 種花狀態: 啟動
[2026-06-14 16:27:02,248] INFO     GPSMock - 🎁 執行收集檢查 ...
[2026-06-14 16:27:30,056] INFO     GPSMock - 🤖 [運行 0分] 步數:21 點擊:9 種花:🌷 位置:(25.04805, 121.51700)
[2026-06-14 16:27:30,164] INFO     GPSMock - 🤖 [運行 0分] 步數:21 點擊:9 種花:🌷 位置:(25.04805, 121.51700)
[2026-06-14 16:27:30,274] INFO     GPSMock - 🤖 [運行 1分] 步數:21 點擊:9 種花:🌷 位置:(25.04805, 121.51700)
[2026-06-14 16:27:30,382] INFO     GPSMock - 🤖 [運行 1分] 步數:21 點擊:9 種花:🌷 位置:(25.04805, 121.51700)
[2026-06-14 16:28:00,091] INFO     GPSMock - 🤖 [運行 1分] 步數:49 點擊:9 種花:🌷 位置:(25.04838, 121.51699)
[2026-06-14 16:28:00,201] INFO     GPSMock - 🤖 [運行 1分] 步數:49 點擊:9 種花:🌷 位置:(25.04838, 121.51699)
[2026-06-14 16:28:00,457] INFO     GPSMock - 🤖 [運行 1分] 步數:49 點擊:9 種花:🌷 位置:(25.04838, 121.51699)
[2026-06-14 16:28:00,571] INFO     GPSMock - 🤖 [運行 1分] 步數:49 點擊:9 種花:🌷 位置:(25.04838, 121.51699)
[2026-06-14 16:28:00,681] INFO     GPSMock - 🤖 [運行 1分] 步數:49 點擊:9 種花:🌷 位置:(25.04838, 121.51699)
[2026-06-14 16:28:00,789] INFO     GPSMock - 🤖 [運行 1分] 步數:49 點擊:9 種花:🌷 位置:(25.04838, 121.51699)
[2026-06-14 16:28:30,080] INFO     GPSMock - 🤖 [運行 1分] 步數:76 點擊:9 種花:🌷 位置:(25.04869, 121.51699)
[2026-06-14 16:28:30,189] INFO     GPSMock - 🤖 [運行 1分] 步數:76 點擊:9 種花:🌷 位置:(25.04869, 121.51699)
[2026-06-14 16:29:00,099] INFO     GPSMock - 🤖 [運行 2分] 步數:104 點擊:9 種花:🌷 位置:(25.04901, 121.51699)
[2026-06-14 16:29:00,208] INFO     GPSMock - 🤖 [運行 2分] 步數:104 點擊:9 種花:🌷 位置:(25.04901, 121.51699)
[2026-06-14 16:29:00,519] INFO     GPSMock - 🤖 [運行 2分] 步數:104 點擊:9 種花:🌷 位置:(25.04901, 121.51699)
[2026-06-14 16:29:00,626] INFO     GPSMock - 🤖 [運行 2分] 步數:104 點擊:9 種花:🌷 位置:(25.04901, 121.51699)
[2026-06-14 16:29:20,306] INFO     GPSMock - 抵達航點 0，前往航點 1
[2026-06-14 16:30:00,028] INFO     GPSMock - 🤖 [運行 3分] 步數:159 點擊:9 種花:🌷 位置:(25.04920, 121.51746)
[2026-06-14 16:30:00,137] INFO     GPSMock - 🤖 [運行 3分] 步數:159 點擊:9 種花:🌷 位置:(25.04920, 121.51746)
[2026-06-14 16:30:00,247] INFO     GPSMock - 🤖 [運行 3分] 步數:159 點擊:9 種花:🌷 位置:(25.04920, 121.51746)
[2026-06-14 16:30:00,611] INFO     GPSMock - 🎁 執行收集檢查 ...
[2026-06-14 16:30:06,806] INFO     GPSMock - 🤖 [運行 3分] 步數:159 點擊:16 種花:🌷 位置:(25.04920, 121.51746)
[2026-06-14 16:30:24,326] INFO     GPSMock - 抵達航點 1，前往航點 2
[2026-06-14 16:30:30,101] INFO     GPSMock - 🤖 [運行 3分] 步數:181 點擊:16 種花:🌷 位置:(25.04916, 121.51772)
[2026-06-14 16:30:30,209] INFO     GPSMock - 🤖 [運行 3分] 步數:181 點擊:16 種花:🌷 位置:(25.04916, 121.51772)
[2026-06-14 16:30:30,315] INFO     GPSMock - 🤖 [運行 4分] 步數:181 點擊:16 種花:🌷 位置:(25.04916, 121.51772)
[2026-06-14 16:30:30,425] INFO     GPSMock - 🤖 [運行 4分] 步數:181 點擊:16 種花:🌷 位置:(25.04916, 121.51772)
[2026-06-14 16:30:30,535] INFO     GPSMock - 🤖 [運行 4分] 步數:181 點擊:16 種花:🌷 位置:(25.04916, 121.51772)
[2026-06-14 16:30:30,643] INFO     GPSMock - 🤖 [運行 4分] 步數:181 點擊:16 種花:🌷 位置:(25.04916, 121.51772)
[2026-06-14 16:30:30,752] INFO     GPSMock - 🤖 [運行 4分] 步數:181 點擊:16 種花:🌷 位置:(25.04916, 121.51772)
[2026-06-14 16:31:00,014] INFO     GPSMock - 🤖 [運行 4分] 步數:208 點擊:16 種花:🌷 位置:(25.04908, 121.51806)
[2026-06-14 16:31:00,123] INFO     GPSMock - 🤖 [運行 4分] 步數:208 點擊:16 種花:🌷 位置:(25.04908, 121.51806)
[2026-06-14 16:31:30,007] INFO     GPSMock - 🤖 [運行 4分] 步數:236 點擊:16 種花:🌷 位置:(25.04899, 121.51840)
[2026-06-14 16:31:30,117] INFO     GPSMock - 🤖 [運行 4分] 步數:236 點擊:16 種花:🌷 位置:(25.04899, 121.51840)
[2026-06-14 16:31:30,225] INFO     GPSMock - 🤖 [運行 4分] 步數:236 點擊:16 種花:🌷 位置:(25.04899, 121.51840)
[2026-06-14 16:31:30,333] INFO     GPSMock - 🤖 [運行 5分] 步數:236 點擊:16 種花:🌷 位置:(25.04899, 121.51840)
[2026-06-14 16:31:30,440] INFO     GPSMock - 🤖 [運行 5分] 步數:236 點擊:16 種花:🌷 位置:(25.04899, 121.51840)
[2026-06-14 16:31:30,550] INFO     GPSMock - 🤖 [運行 5分] 步數:236 點擊:16 種花:🌷 位置:(25.04899, 121.51840)
[2026-06-14 16:31:32,831] INFO     GPSMock - 抵達航點 2，前往航點 3
[2026-06-14 16:32:00,493] INFO     GPSMock - 🌸 執行種花檢查 ...
[2026-06-14 16:32:00,691] INFO     GPSMock - 停止種花
[2026-06-14 16:32:01,451] INFO     GPSMock - 🌸 種花狀態: 已關閉
[2026-06-14 16:32:30,055] INFO     GPSMock - 🤖 [運行 5分] 步數:291 點擊:18 種花:✕ 位置:(25.04838, 121.51851)
[2026-06-14 16:32:30,164] INFO     GPSMock - 🤖 [運行 5分] 步數:291 點擊:18 種花:✕ 位置:(25.04838, 121.51851)
[2026-06-14 16:32:30,271] INFO     GPSMock - 🤖 [運行 6分] 步數:291 點擊:18 種花:✕ 位置:(25.04838, 121.51851)
[2026-06-14 16:32:30,381] INFO     GPSMock - 🤖 [運行 6分] 步數:291 點擊:18 種花:✕ 位置:(25.04838, 121.51851)
[2026-06-14 16:32:30,490] INFO     GPSMock - 🤖 [運行 6分] 步數:291 點擊:18 種花:✕ 位置:(25.04838, 121.51851)
[2026-06-14 16:32:30,597] INFO     GPSMock - 🤖 [運行 6分] 步數:291 點擊:18 種花:✕ 位置:(25.04838, 121.51851)
[2026-06-14 16:32:30,708] INFO     GPSMock - 🤖 [運行 6分] 步數:291 點擊:18 種花:✕ 位置:(25.04838, 121.51851)
[2026-06-14 16:32:30,817] INFO     GPSMock - 🤖 [運行 6分] 步數:291 點擊:18 種花:✕ 位置:(25.04838, 121.51851)
[2026-06-14 16:32:41,819] INFO     GPSMock - 抵達航點 3，前往航點 4
[2026-06-14 16:33:00,015] INFO     GPSMock - 🤖 [運行 6分] 步數:318 點擊:18 種花:✕ 位置:(25.04808, 121.51850)
[2026-06-14 16:33:00,125] INFO     GPSMock - 🤖 [運行 6分] 步數:318 點擊:18 種花:✕ 位置:(25.04808, 121.51850)
[2026-06-14 16:33:00,233] INFO     GPSMock - 🤖 [運行 6分] 步數:318 點擊:18 種花:✕ 位置:(25.04808, 121.51850)
[2026-06-14 16:33:00,627] INFO     GPSMock - 🎁 執行收集檢查 ...
[2026-06-14 16:33:30,049] INFO     GPSMock - 🤖 [運行 6分] 步數:341 點擊:25 種花:✕ 位置:(25.04783, 121.51844)
[2026-06-14 16:33:30,158] INFO     GPSMock - 🤖 [運行 6分] 步數:341 點擊:25 種花:✕ 位置:(25.04783, 121.51844)
[2026-06-14 16:33:30,267] INFO     GPSMock - 🤖 [運行 7分] 步數:341 點擊:25 種花:✕ 位置:(25.04783, 121.51844)
[2026-06-14 16:33:30,377] INFO     GPSMock - 🤖 [運行 7分] 步數:341 點擊:25 種花:✕ 位置:(25.04783, 121.51844)
[2026-06-14 16:33:30,485] INFO     GPSMock - 🤖 [運行 7分] 步數:341 點擊:25 種花:✕ 位置:(25.04783, 121.51844)
[2026-06-14 16:33:43,655] INFO     GPSMock - 抵達航點 4，前往航點 5
[2026-06-14 16:34:00,057] INFO     GPSMock - 🤖 [運行 7分] 步數:369 點擊:25 種花:✕ 位置:(25.04751, 121.51833)
[2026-06-14 16:34:00,166] INFO     GPSMock - 🤖 [運行 7分] 步數:369 點擊:25 種花:✕ 位置:(25.04751, 121.51833)
[2026-06-14 16:34:00,275] INFO     GPSMock - 🤖 [運行 7分] 步數:369 點擊:25 種花:✕ 位置:(25.04751, 121.51833)
[2026-06-14 16:34:00,386] INFO     GPSMock - 🤖 [運行 7分] 步數:369 點擊:25 種花:✕ 位置:(25.04751, 121.51833)
[2026-06-14 16:34:00,496] INFO     GPSMock - 🤖 [運行 7分] 步數:369 點擊:25 種花:✕ 位置:(25.04751, 121.51833)
[2026-06-14 16:34:00,604] INFO     GPSMock - 🤖 [運行 7分] 步數:369 點擊:25 種花:✕ 位置:(25.04751, 121.51833)
[2026-06-14 16:34:00,715] INFO     GPSMock - 🤖 [運行 7分] 步數:369 點擊:25 種花:✕ 位置:(25.04751, 121.51833)
[2026-06-14 16:34:00,822] INFO     GPSMock - 🤖 [運行 7分] 步數:369 點擊:25 種花:✕ 位置:(25.04751, 121.51833)
[2026-06-14 16:34:00,930] INFO     GPSMock - 🤖 [運行 7分] 步數:369 點擊:25 種花:✕ 位置:(25.04751, 121.51833)
[2026-06-14 16:34:30,101] INFO     GPSMock - 🤖 [運行 7分] 步數:396 點擊:25 種花:✕ 位置:(25.04722, 121.51822)
[2026-06-14 16:34:30,211] INFO     GPSMock - 🤖 [運行 7分] 步數:396 點擊:25 種花:✕ 位置:(25.04722, 121.51822)
[2026-06-14 16:34:30,320] INFO     GPSMock - 🤖 [運行 8分] 步數:396 點擊:25 種花:✕ 位置:(25.04722, 121.51822)
[2026-06-14 16:34:33,686] INFO     GPSMock - 抵達航點 5，前往航點 6
[2026-06-14 16:35:00,013] INFO     GPSMock - 🤖 [運行 8分] 步數:424 點擊:25 種花:✕ 位置:(25.04690, 121.51818)
[2026-06-14 16:35:00,121] INFO     GPSMock - 🤖 [運行 8分] 步數:424 點擊:25 種花:✕ 位置:(25.04690, 121.51818)
[2026-06-14 16:35:00,230] INFO     GPSMock - 🤖 [運行 8分] 步數:424 點擊:25 種花:✕ 位置:(25.04690, 121.51818)
[2026-06-14 16:35:00,339] INFO     GPSMock - 🤖 [運行 8分] 步數:424 點擊:25 種花:✕ 位置:(25.04690, 121.51818)
[2026-06-14 16:35:00,448] INFO     GPSMock - 🤖 [運行 8分] 步數:424 點擊:25 種花:✕ 位置:(25.04690, 121.51818)
[2026-06-14 16:35:00,556] INFO     GPSMock - 🤖 [運行 8分] 步數:424 點擊:25 種花:✕ 位置:(25.04690, 121.51818)
[2026-06-14 16:35:00,664] INFO     GPSMock - 🤖 [運行 8分] 步數:424 點擊:25 種花:✕ 位置:(25.04690, 121.51818)
[2026-06-14 16:35:00,772] INFO     GPSMock - 🤖 [運行 8分] 步數:424 點擊:25 種花:✕ 位置:(25.04690, 121.51818)
[2026-06-14 16:35:30,050] INFO     GPSMock - 🤖 [運行 8分] 步數:451 點擊:25 種花:✕ 位置:(25.04659, 121.51814)
[2026-06-14 16:35:30,159] INFO     GPSMock - 🤖 [運行 8分] 步數:451 點擊:25 種花:✕ 位置:(25.04659, 121.51814)
[2026-06-14 16:35:46,573] INFO     GPSMock - 抵達航點 6，前往航點 7
[2026-06-14 16:36:00,059] INFO     GPSMock - 🤖 [運行 9分] 步數:479 點擊:25 種花:✕ 位置:(25.04640, 121.51796)
[2026-06-14 16:36:00,167] INFO     GPSMock - 🤖 [運行 9分] 步數:479 點擊:25 種花:✕ 位置:(25.04640, 121.51796)
[2026-06-14 16:36:00,276] INFO     GPSMock - 🤖 [運行 9分] 步數:479 點擊:25 種花:✕ 位置:(25.04640, 121.51796)
[2026-06-14 16:36:00,385] INFO     GPSMock - 🤖 [運行 9分] 步數:479 點擊:25 種花:✕ 位置:(25.04640, 121.51796)
[2026-06-14 16:36:00,626] INFO     GPSMock - 🎁 執行收集檢查 ...
[2026-06-14 16:36:06,379] INFO     GPSMock - 🤖 [運行 9分] 步數:479 點擊:32 種花:✕ 位置:(25.04640, 121.51796)
[2026-06-14 16:36:30,097] INFO     GPSMock - 🤖 [運行 9分] 步數:501 點擊:32 種花:✕ 位置:(25.04636, 121.51767)
[2026-06-14 16:36:30,206] INFO     GPSMock - 🤖 [運行 9分] 步數:501 點擊:32 種花:✕ 位置:(25.04636, 121.51767)
[2026-06-14 16:36:30,314] INFO     GPSMock - 🤖 [運行 10分] 步數:501 點擊:32 種花:✕ 位置:(25.04636, 121.51767)
[2026-06-14 16:36:56,515] INFO     GPSMock - 抵達航點 7，前往航點 8
[2026-06-14 16:37:00,107] INFO     GPSMock - 🤖 [運行 10分] 步數:529 點擊:32 種花:✕ 位置:(25.04635, 121.51733)
[2026-06-14 16:37:00,217] INFO     GPSMock - 🤖 [運行 10分] 步數:529 點擊:32 種花:✕ 位置:(25.04635, 121.51733)
[2026-06-14 16:37:00,327] INFO     GPSMock - 🤖 [運行 10分] 步數:529 點擊:32 種花:✕ 位置:(25.04635, 121.51733)
[2026-06-14 16:37:00,661] INFO     GPSMock - 🌸 執行種花檢查 ...
[2026-06-14 16:37:00,813] INFO     GPSMock - 開始種花
[2026-06-14 16:37:02,201] INFO     GPSMock - 🌸 種花狀態: 啟動
[2026-06-14 16:37:02,201] INFO     GPSMock - 🤖 [運行 10分] 步數:529 點擊:34 種花:🌷 位置:(25.04635, 121.51733)
[2026-06-14 16:37:30,063] INFO     GPSMock - 🤖 [運行 10分] 步數:555 點擊:34 種花:🌷 位置:(25.04654, 121.51706)
[2026-06-14 16:37:30,172] INFO     GPSMock - 🤖 [運行 10分] 步數:555 點擊:34 種花:🌷 位置:(25.04654, 121.51706)
[2026-06-14 16:37:30,281] INFO     GPSMock - 🤖 [運行 11分] 步數:555 點擊:34 種花:🌷 位置:(25.04654, 121.51706)
[2026-06-14 16:37:30,389] INFO     GPSMock - 🤖 [運行 11分] 步數:555 點擊:34 種花:🌷 位置:(25.04654, 121.51706)
[2026-06-14 16:37:30,497] INFO     GPSMock - 🤖 [運行 11分] 步數:555 點擊:34 種花:🌷 位置:(25.04654, 121.51706)
[2026-06-14 16:38:00,080] INFO     GPSMock - 🤖 [運行 11分] 步數:583 點擊:34 種花:🌷 位置:(25.04675, 121.51679)
[2026-06-14 16:38:00,191] INFO     GPSMock - 🤖 [運行 11分] 步數:583 點擊:34 種花:🌷 位置:(25.04675, 121.51679)
[2026-06-14 16:38:00,299] INFO     GPSMock - 🤖 [運行 11分] 步數:583 點擊:34 種花:🌷 位置:(25.04675, 121.51679)
[2026-06-14 16:38:00,407] INFO     GPSMock - 🤖 [運行 11分] 步數:583 點擊:34 種花:🌷 位置:(25.04675, 121.51679)
[2026-06-14 16:38:00,516] INFO     GPSMock - 🤖 [運行 11分] 步數:583 點擊:34 種花:🌷 位置:(25.04675, 121.51679)
[2026-06-14 16:38:00,625] INFO     GPSMock - 🤖 [運行 11分] 步數:583 點擊:34 種花:🌷 位置:(25.04675, 121.51679)
[2026-06-14 16:38:00,733] INFO     GPSMock - 🤖 [運行 11分] 步數:583 點擊:34 種花:🌷 位置:(25.04675, 121.51679)
[2026-06-14 16:38:00,842] INFO     GPSMock - 🤖 [運行 11分] 步數:583 點擊:34 種花:🌷 位置:(25.04675, 121.51679)
[2026-06-14 16:38:00,951] INFO     GPSMock - 🤖 [運行 11分] 步數:583 點擊:34 種花:🌷 位置:(25.04675, 121.51679)
[2026-06-14 16:38:03,234] INFO     GPSMock - 抵達航點 8，前往航點 9
[2026-06-14 16:38:30,015] INFO     GPSMock - 🤖 [運行 11分] 步數:610 點擊:34 種花:🌷 位置:(25.04672, 121.51646)
[2026-06-14 16:38:30,123] INFO     GPSMock - 🤖 [運行 11分] 步數:610 點擊:34 種花:🌷 位置:(25.04672, 121.51646)
[2026-06-14 16:38:30,232] INFO     GPSMock - 🤖 [運行 11分] 步數:610 點擊:34 種花:🌷 位置:(25.04672, 121.51646)
[2026-06-14 16:38:30,341] INFO     GPSMock - 🤖 [運行 12分] 步數:610 點擊:34 種花:🌷 位置:(25.04672, 121.51646)
[2026-06-14 16:39:00,025] INFO     GPSMock - 🤖 [運行 12分] 步數:638 點擊:34 種花:🌷 位置:(25.04666, 121.51611)
[2026-06-14 16:39:00,133] INFO     GPSMock - 🤖 [運行 12分] 步數:638 點擊:34 種花:🌷 位置:(25.04666, 121.51611)
[2026-06-14 16:39:00,241] INFO     GPSMock - 🤖 [運行 12分] 步數:638 點擊:34 種花:🌷 位置:(25.04666, 121.51611)
[2026-06-14 16:39:00,350] INFO     GPSMock - 🤖 [運行 12分] 步數:638 點擊:34 種花:🌷 位置:(25.04666, 121.51611)
[2026-06-14 16:39:00,459] INFO     GPSMock - 🤖 [運行 12分] 步數:638 點擊:34 種花:🌷 位置:(25.04666, 121.51611)
[2026-06-14 16:39:05,379] ERROR    GPSMock - 心跳超時 (已 18.0 秒未收到確認)，視為斷線
[2026-06-14 16:39:05,379] WARNING  GPSMock - 與伺服器的連線已中斷
[2026-06-14 16:39:05,379] ERROR    GPSMock - Socket 接收錯誤: [WinError 10053] An established connection was aborted by the software in your host machine
[2026-06-14 16:39:07,870] WARNING  GPSMock - Pikmin Bloom 未在運行，重新啟動
[2026-06-14 16:39:07,870] INFO     GPSMock - 啟動 Pikmin Bloom ...
[2026-06-14 16:39:07,884] INFO     GPSMock - 🤖 [運行 12分] 步數:638 點擊:34 種花:🌷 位置:(25.04666, 121.51611)
[2026-06-14 16:39:08,006] WARNING  GPSMock - ⚠ Pikmin Bloom 未在前景運行
[2026-06-14 16:39:08,006] INFO     GPSMock - 啟動 Pikmin Bloom ...
[2026-06-14 16:39:30,102] INFO     GPSMock - 🤖 [運行 12分] 步數:638 點擊:34 種花:🌷 位置:(25.04666, 121.51611)
[2026-06-14 16:39:30,211] INFO     GPSMock - 🤖 [運行 12分] 步數:638 點擊:34 種花:🌷 位置:(25.04666, 121.51611)
[2026-06-14 16:39:30,320] INFO     GPSMock - 🤖 [運行 13分] 步數:638 點擊:34 種花:🌷 位置:(25.04666, 121.51611)
[2026-06-14 16:39:30,427] INFO     GPSMock - 🤖 [運行 13分] 步數:638 點擊:34 種花:🌷 位置:(25.04666, 121.51611)
[2026-06-14 16:39:30,536] INFO     GPSMock - 🤖 [運行 13分] 步數:638 點擊:34 種花:🌷 位置:(25.04666, 121.51611)
[2026-06-14 16:39:30,645] INFO     GPSMock - 🤖 [運行 13分] 步數:638 點擊:34 種花:🌷 位置:(25.04666, 121.51611)
[2026-06-14 16:40:08,212] INFO     GPSMock - ✓ 遊戲恢復運行
[2026-06-14 16:40:30,073] INFO     GPSMock - 🤖 [運行 13分] 步數:638 點擊:34 種花:🌷 位置:(25.04666, 121.51611)
[2026-06-14 16:40:30,182] INFO     GPSMock - 🤖 [運行 13分] 步數:638 點擊:34 種花:🌷 位置:(25.04666, 121.51611)
[2026-06-14 16:40:30,290] INFO     GPSMock - 🤖 [運行 14分] 步數:638 點擊:34 種花:🌷 位置:(25.04666, 121.51611)
[2026-06-14 16:40:30,399] INFO     GPSMock - 🤖 [運行 14分] 步數:638 點擊:34 種花:🌷 位置:(25.04666, 121.51611)
[2026-06-14 16:41:00,101] INFO     GPSMock - 🤖 [運行 14分] 步數:638 點擊:34 種花:🌷 位置:(25.04666, 121.51611)
[2026-06-14 16:41:00,207] INFO     GPSMock - 🤖 [運行 14分] 步數:638 點擊:34 種花:🌷 位置:(25.04666, 121.51611)
[2026-06-14 16:41:00,312] INFO     GPSMock - 🤖 [運行 14分] 步數:638 點擊:34 種花:🌷 位置:(25.04666, 121.51611)
[2026-06-14 16:41:00,418] INFO     GPSMock - 🤖 [運行 14分] 步數:638 點擊:34 種花:🌷 位置:(25.04666, 121.51611)
[2026-06-14 16:41:00,524] INFO     GPSMock - 🤖 [運行 14分] 步數:638 點擊:34 種花:🌷 位置:(25.04666, 121.51611)
[2026-06-14 16:41:00,632] INFO     GPSMock - 🤖 [運行 14分] 步數:638 點擊:34 種花:🌷 位置:(25.04666, 121.51611)
[2026-06-14 16:41:00,741] INFO     GPSMock - 🤖 [運行 14分] 步數:638 點擊:34 種花:🌷 位置:(25.04666, 121.51611)
[2026-06-14 16:41:00,851] INFO     GPSMock - 🤖 [運行 14分] 步數:638 點擊:34 種花:🌷 位置:(25.04666, 121.51611)
[2026-06-14 16:41:30,000] INFO     GPSMock - 🤖 [運行 14分] 步數:638 點擊:34 種花:🌷 位置:(25.04666, 121.51611)
[2026-06-14 16:41:30,109] INFO     GPSMock - 🤖 [運行 14分] 步數:638 點擊:34 種花:🌷 位置:(25.04666, 121.51611)
[2026-06-14 16:41:30,218] INFO     GPSMock - 🤖 [運行 14分] 步數:638 點擊:34 種花:🌷 位置:(25.04666, 121.51611)
[2026-06-14 16:42:00,063] INFO     GPSMock - 🤖 [運行 15分] 步數:638 點擊:34 種花:🌷 位置:(25.04666, 121.51611)
[2026-06-14 16:42:00,173] INFO     GPSMock - 🤖 [運行 15分] 步數:638 點擊:34 種花:🌷 位置:(25.04666, 121.51611)
[2026-06-14 16:42:00,283] INFO     GPSMock - 🤖 [運行 15分] 步數:638 點擊:34 種花:🌷 位置:(25.04666, 121.51611)
[2026-06-14 16:42:00,395] INFO     GPSMock - 🤖 [運行 15分] 步數:638 點擊:34 種花:🌷 位置:(25.04666, 121.51611)
[2026-06-14 16:42:00,681] INFO     GPSMock - 🌸 執行種花檢查 ...
[2026-06-14 16:42:00,906] INFO     GPSMock - 停止種花
[2026-06-14 16:42:01,709] INFO     GPSMock - 🌸 種花狀態: 已關閉
[2026-06-14 16:42:01,709] INFO     GPSMock - 🤖 [運行 15分] 步數:638 點擊:36 種花:✕ 位置:(25.04666, 121.51611)
[2026-06-14 16:42:01,967] INFO     GPSMock - 🎁 執行收集檢查 ...
[2026-06-14 16:42:30,045] INFO     GPSMock - 🤖 [運行 15分] 步數:638 點擊:43 種花:✕ 位置:(25.04666, 121.51611)
[2026-06-14 16:42:30,155] INFO     GPSMock - 🤖 [運行 15分] 步數:638 點擊:43 種花:✕ 位置:(25.04666, 121.51611)
[2026-06-14 16:42:30,265] INFO     GPSMock - 🤖 [運行 16分] 步數:638 點擊:43 種花:✕ 位置:(25.04666, 121.51611)
[2026-06-14 16:43:00,096] INFO     GPSMock - 🤖 [運行 16分] 步數:638 點擊:43 種花:✕ 位置:(25.04666, 121.51611)
[2026-06-14 16:43:00,205] INFO     GPSMock - 🤖 [運行 16分] 步數:638 點擊:43 種花:✕ 位置:(25.04666, 121.51611)
[2026-06-14 16:43:00,312] INFO     GPSMock - 🤖 [運行 16分] 步數:638 點擊:43 種花:✕ 位置:(25.04666, 121.51611)
[2026-06-14 16:43:00,422] INFO     GPSMock - 🤖 [運行 16分] 步數:638 點擊:43 種花:✕ 位置:(25.04666, 121.51611)
[2026-06-14 16:43:30,069] INFO     GPSMock - 🤖 [運行 16分] 步數:638 點擊:43 種花:✕ 位置:(25.04666, 121.51611)
[2026-06-14 16:43:30,174] INFO     GPSMock - 🤖 [運行 16分] 步數:638 點擊:43 種花:✕ 位置:(25.04666, 121.51611)
[2026-06-14 16:43:30,280] INFO     GPSMock - 🤖 [運行 17分] 步數:638 點擊:43 種花:✕ 位置:(25.04666, 121.51611)
[2026-06-14 16:44:00,077] INFO     GPSMock - 🤖 [運行 17分] 步數:638 點擊:43 種花:✕ 位置:(25.04666, 121.51611)
[2026-06-14 16:44:00,188] INFO     GPSMock - 🤖 [運行 17分] 步數:638 點擊:43 種花:✕ 位置:(25.04666, 121.51611)
[2026-06-14 16:44:00,296] INFO     GPSMock - 🤖 [運行 17分] 步數:638 點擊:43 種花:✕ 位置:(25.04666, 121.51611)
[2026-06-14 16:44:00,403] INFO     GPSMock - 🤖 [運行 17分] 步數:638 點擊:43 種花:✕ 位置:(25.04666, 121.51611)
[2026-06-14 16:44:00,510] INFO     GPSMock - 🤖 [運行 17分] 步數:638 點擊:43 種花:✕ 位置:(25.04666, 121.51611)
[2026-06-14 16:44:00,619] INFO     GPSMock - 🤖 [運行 17分] 步數:638 點擊:43 種花:✕ 位置:(25.04666, 121.51611)
[2026-06-14 16:44:00,729] INFO     GPSMock - 🤖 [運行 17分] 步數:638 點擊:43 種花:✕ 位置:(25.04666, 121.51611)
[2026-06-14 16:44:00,838] INFO     GPSMock - 🤖 [運行 17分] 步數:638 點擊:43 種花:✕ 位置:(25.04666, 121.51611)
[2026-06-14 16:44:30,060] INFO     GPSMock - 🤖 [運行 17分] 步數:638 點擊:43 種花:✕ 位置:(25.04666, 121.51611)
[2026-06-14 16:44:30,167] INFO     GPSMock - 🤖 [運行 17分] 步數:638 點擊:43 種花:✕ 位置:(25.04666, 121.51611)
[2026-06-14 16:44:30,277] INFO     GPSMock - 🤖 [運行 18分] 步數:638 點擊:43 種花:✕ 位置:(25.04666, 121.51611)
[2026-06-14 16:45:00,104] INFO     GPSMock - 🤖 [運行 18分] 步數:638 點擊:43 種花:✕ 位置:(25.04666, 121.51611)
[2026-06-14 16:45:00,214] INFO     GPSMock - 🤖 [運行 18分] 步數:638 點擊:43 種花:✕ 位置:(25.04666, 121.51611)
[2026-06-14 16:45:00,324] INFO     GPSMock - 🤖 [運行 18分] 步數:638 點擊:43 種花:✕ 位置:(25.04666, 121.51611)
[2026-06-14 16:45:00,434] INFO     GPSMock - 🤖 [運行 18分] 步數:638 點擊:43 種花:✕ 位置:(25.04666, 121.51611)
[2026-06-14 16:45:00,543] INFO     GPSMock - 🤖 [運行 18分] 步數:638 點擊:43 種花:✕ 位置:(25.04666, 121.51611)
[2026-06-14 16:45:00,654] INFO     GPSMock - 🤖 [運行 18分] 步數:638 點擊:43 種花:✕ 位置:(25.04666, 121.51611)
[2026-06-14 16:45:00,764] INFO     GPSMock - 🤖 [運行 18分] 步數:638 點擊:43 種花:✕ 位置:(25.04666, 121.51611)
[2026-06-14 16:45:00,874] INFO     GPSMock - 🤖 [運行 18分] 步數:638 點擊:43 種花:✕ 位置:(25.04666, 121.51611)
[2026-06-14 16:45:02,039] INFO     GPSMock - 🎁 執行收集檢查 ...
[2026-06-14 16:46:00,015] INFO     GPSMock - 🤖 [運行 19分] 步數:638 點擊:50 種花:✕ 位置:(25.04666, 121.51611)
[2026-06-14 16:46:00,124] INFO     GPSMock - 🤖 [運行 19分] 步數:638 點擊:50 種花:✕ 位置:(25.04666, 121.51611)
[2026-06-14 16:46:00,233] INFO     GPSMock - 🤖 [運行 19分] 步數:638 點擊:50 種花:✕ 位置:(25.04666, 121.51611)
[2026-06-14 16:46:00,341] INFO     GPSMock - 🤖 [運行 19分] 步數:638 點擊:50 種花:✕ 位置:(25.04666, 121.51611)
[2026-06-14 16:46:00,451] INFO     GPSMock - 🤖 [運行 19分] 步數:638 點擊:50 種花:✕ 位置:(25.04666, 121.51611)
[2026-06-14 16:46:00,561] INFO     GPSMock - 🤖 [運行 19分] 步數:638 點擊:50 種花:✕ 位置:(25.04666, 121.51611)
[2026-06-14 16:46:30,034] INFO     GPSMock - 🤖 [運行 19分] 步數:638 點擊:50 種花:✕ 位置:(25.04666, 121.51611)
[2026-06-14 16:47:00,067] INFO     GPSMock - 🤖 [運行 20分] 步數:638 點擊:50 種花:✕ 位置:(25.04666, 121.51611)
[2026-06-14 16:47:00,178] INFO     GPSMock - 🤖 [運行 20分] 步數:638 點擊:50 種花:✕ 位置:(25.04666, 121.51611)
[2026-06-14 16:47:00,288] INFO     GPSMock - 🤖 [運行 20分] 步數:638 點擊:50 種花:✕ 位置:(25.04666, 121.51611)
[2026-06-14 16:47:00,399] INFO     GPSMock - 🤖 [運行 20分] 步數:638 點擊:50 種花:✕ 位置:(25.04666, 121.51611)
[2026-06-14 16:47:00,689] INFO     GPSMock - 🌸 執行種花檢查 ...
[2026-06-14 16:47:00,833] INFO     GPSMock - 開始種花
[2026-06-14 16:47:01,974] INFO     GPSMock - 🌸 種花狀態: 啟動
[2026-06-14 16:47:01,974] INFO     GPSMock - 🤖 [運行 20分] 步數:638 點擊:52 種花:🌷 位置:(25.04666, 121.51611)
[2026-06-14 16:47:30,062] INFO     GPSMock - 🤖 [運行 20分] 步數:638 點擊:52 種花:🌷 位置:(25.04666, 121.51611)
[2026-06-14 16:47:30,172] INFO     GPSMock - 🤖 [運行 20分] 步數:638 點擊:52 種花:🌷 位置:(25.04666, 121.51611)
[2026-06-14 16:47:30,282] INFO     GPSMock - 🤖 [運行 21分] 步數:638 點擊:52 種花:🌷 位置:(25.04666, 121.51611)
[2026-06-14 16:47:30,393] INFO     GPSMock - 🤖 [運行 21分] 步數:638 點擊:52 種花:🌷 位置:(25.04666, 121.51611)
[2026-06-14 16:48:00,105] INFO     GPSMock - 🤖 [運行 21分] 步數:638 點擊:52 種花:🌷 位置:(25.04666, 121.51611)
[2026-06-14 16:48:00,214] INFO     GPSMock - 🤖 [運行 21分] 步數:638 點擊:52 種花:🌷 位置:(25.04666, 121.51611)
[2026-06-14 16:48:00,323] INFO     GPSMock - 🤖 [運行 21分] 步數:638 點擊:52 種花:🌷 位置:(25.04666, 121.51611)
[2026-06-14 16:48:00,432] INFO     GPSMock - 🤖 [運行 21分] 步數:638 點擊:52 種花:🌷 位置:(25.04666, 121.51611)
[2026-06-14 16:48:00,541] INFO     GPSMock - 🤖 [運行 21分] 步數:638 點擊:52 種花:🌷 位置:(25.04666, 121.51611)
[2026-06-14 16:48:00,650] INFO     GPSMock - 🤖 [運行 21分] 步數:638 點擊:52 種花:🌷 位置:(25.04666, 121.51611)
[2026-06-14 16:48:00,759] INFO     GPSMock - 🤖 [運行 21分] 步數:638 點擊:52 種花:🌷 位置:(25.04666, 121.51611)
[2026-06-14 16:48:00,869] INFO     GPSMock - 🤖 [運行 21分] 步數:638 點擊:52 種花:🌷 位置:(25.04666, 121.51611)
[2026-06-14 16:48:00,977] INFO     GPSMock - 🤖 [運行 21分] 步數:638 點擊:52 種花:🌷 位置:(25.04666, 121.51611)
[2026-06-14 16:48:02,132] INFO     GPSMock - 🎁 執行收集檢查 ...
[2026-06-14 16:48:30,042] INFO     GPSMock - 🤖 [運行 21分] 步數:638 點擊:59 種花:🌷 位置:(25.04666, 121.51611)
[2026-06-14 16:48:30,151] INFO     GPSMock - 🤖 [運行 21分] 步數:638 點擊:59 種花:🌷 位置:(25.04666, 121.51611)
[2026-06-14 16:48:30,261] INFO     GPSMock - 🤖 [運行 22分] 步數:638 點擊:59 種花:🌷 位置:(25.04666, 121.51611)
[2026-06-14 16:49:00,073] INFO     GPSMock - 🤖 [運行 22分] 步數:638 點擊:59 種花:🌷 位置:(25.04666, 121.51611)
[2026-06-14 16:49:00,182] INFO     GPSMock - 🤖 [運行 22分] 步數:638 點擊:59 種花:🌷 位置:(25.04666, 121.51611)
[2026-06-14 16:49:00,292] INFO     GPSMock - 🤖 [運行 22分] 步數:638 點擊:59 種花:🌷 位置:(25.04666, 121.51611)
[2026-06-14 16:49:00,401] INFO     GPSMock - 🤖 [運行 22分] 步數:638 點擊:59 種花:🌷 位置:(25.04666, 121.51611)
[2026-06-14 16:49:00,510] INFO     GPSMock - 🤖 [運行 22分] 步數:638 點擊:59 種花:🌷 位置:(25.04666, 121.51611)
[2026-06-14 16:49:00,618] INFO     GPSMock - 🤖 [運行 22分] 步數:638 點擊:59 種花:🌷 位置:(25.04666, 121.51611)
[2026-06-14 16:49:00,727] INFO     GPSMock - 🤖 [運行 22分] 步數:638 點擊:59 種花:🌷 位置:(25.04666, 121.51611)
[2026-06-14 16:49:00,836] INFO     GPSMock - 🤖 [運行 22分] 步數:638 點擊:59 種花:🌷 位置:(25.04666, 121.51611)
[2026-06-14 16:49:30,025] INFO     GPSMock - 🤖 [運行 22分] 步數:638 點擊:59 種花:🌷 位置:(25.04666, 121.51611)
[2026-06-14 16:49:30,135] INFO     GPSMock - 🤖 [運行 22分] 步數:638 點擊:59 種花:🌷 位置:(25.04666, 121.51611)
[2026-06-14 16:49:30,243] INFO     GPSMock - 🤖 [運行 22分] 步數:638 點擊:59 種花:🌷 位置:(25.04666, 121.51611)
[2026-06-14 16:49:30,352] INFO     GPSMock - 🤖 [運行 23分] 步數:638 點擊:59 種花:🌷 位置:(25.04666, 121.51611)
[2026-06-14 16:50:00,073] INFO     GPSMock - 🤖 [運行 23分] 步數:638 點擊:59 種花:🌷 位置:(25.04666, 121.51611)
[2026-06-14 16:50:00,181] INFO     GPSMock - 🤖 [運行 23分] 步數:638 點擊:59 種花:🌷 位置:(25.04666, 121.51611)
[2026-06-14 16:50:00,291] INFO     GPSMock - 🤖 [運行 23分] 步數:638 點擊:59 種花:🌷 位置:(25.04666, 121.51611)
[2026-06-14 16:50:00,398] INFO     GPSMock - 🤖 [運行 23分] 步數:638 點擊:59 種花:🌷 位置:(25.04666, 121.51611)
[2026-06-14 16:50:00,509] INFO     GPSMock - 🤖 [運行 23分] 步數:638 點擊:59 種花:🌷 位置:(25.04666, 121.51611)
[2026-06-14 16:50:00,616] INFO     GPSMock - 🤖 [運行 23分] 步數:638 點擊:59 種花:🌷 位置:(25.04666, 121.51611)
[2026-06-14 16:50:00,725] INFO     GPSMock - 🤖 [運行 23分] 步數:638 點擊:59 種花:🌷 位置:(25.04666, 121.51611)
[2026-06-14 16:50:00,837] INFO     GPSMock - 🤖 [運行 23分] 步數:638 點擊:59 種花:🌷 位置:(25.04666, 121.51611)
[2026-06-14 16:50:00,947] INFO     GPSMock - 🤖 [運行 23分] 步數:638 點擊:59 種花:🌷 位置:(25.04666, 121.51611)
[2026-06-14 16:50:30,079] INFO     GPSMock - 🤖 [運行 23分] 步數:638 點擊:59 種花:🌷 位置:(25.04666, 121.51611)
[2026-06-14 16:50:30,189] INFO     GPSMock - 🤖 [運行 23分] 步數:638 點擊:59 種花:🌷 位置:(25.04666, 121.51611)
[2026-06-14 16:50:30,298] INFO     GPSMock - 🤖 [運行 24分] 步數:638 點擊:59 種花:🌷 位置:(25.04666, 121.51611)
[2026-06-14 16:50:30,408] INFO     GPSMock - 🤖 [運行 24分] 步數:638 點擊:59 種花:🌷 位置:(25.04666, 121.51611)
[2026-06-14 16:51:00,093] INFO     GPSMock - 🤖 [運行 24分] 步數:638 點擊:59 種花:🌷 位置:(25.04666, 121.51611)
[2026-06-14 16:51:00,201] INFO     GPSMock - 🤖 [運行 24分] 步數:638 點擊:59 種花:🌷 位置:(25.04666, 121.51611)
[2026-06-14 16:51:00,311] INFO     GPSMock - 🤖 [運行 24分] 步數:638 點擊:59 種花:🌷 位置:(25.04666, 121.51611)
[2026-06-14 16:51:00,419] INFO     GPSMock - 🤖 [運行 24分] 步數:638 點擊:59 種花:🌷 位置:(25.04666, 121.51611)
[2026-06-14 16:51:00,527] INFO     GPSMock - 🤖 [運行 24分] 步數:638 點擊:59 種花:🌷 位置:(25.04666, 121.51611)
[2026-06-14 16:51:00,637] INFO     GPSMock - 🤖 [運行 24分] 步數:638 點擊:59 種花:🌷 位置:(25.04666, 121.51611)
[2026-06-14 16:51:00,745] INFO     GPSMock - 🤖 [運行 24分] 步數:638 點擊:59 種花:🌷 位置:(25.04666, 121.51611)
[2026-06-14 16:51:00,854] INFO     GPSMock - 🤖 [運行 24分] 步數:638 點擊:59 種花:🌷 位置:(25.04666, 121.51611)
[2026-06-14 16:51:00,962] INFO     GPSMock - 🤖 [運行 24分] 步數:638 點擊:59 種花:🌷 位置:(25.04666, 121.51611)
[2026-06-14 16:51:02,201] INFO     GPSMock - 🎁 執行收集檢查 ...
[2026-06-14 16:51:30,060] INFO     GPSMock - 🤖 [運行 24分] 步數:638 點擊:66 種花:🌷 位置:(25.04666, 121.51611)
[2026-06-14 16:51:30,168] INFO     GPSMock - 🤖 [運行 24分] 步數:638 點擊:66 種花:🌷 位置:(25.04666, 121.51611)
[2026-06-14 16:51:30,277] INFO     GPSMock - 🤖 [運行 25分] 步數:638 點擊:66 種花:🌷 位置:(25.04666, 121.51611)
[2026-06-14 16:51:30,386] INFO     GPSMock - 🤖 [運行 25分] 步數:638 點擊:66 種花:🌷 位置:(25.04666, 121.51611)
[2026-06-14 16:52:00,707] INFO     GPSMock - 🌸 執行種花檢查 ...
[2026-06-14 16:52:00,840] INFO     GPSMock - 停止種花
[2026-06-14 16:52:01,799] INFO     GPSMock - 🌸 種花狀態: 已關閉
[2026-06-14 16:52:30,090] INFO     GPSMock - 🤖 [運行 25分] 步數:638 點擊:68 種花:✕ 位置:(25.04666, 121.51611)
[2026-06-14 16:52:30,197] INFO     GPSMock - 🤖 [運行 25分] 步數:638 點擊:68 種花:✕ 位置:(25.04666, 121.51611)
[2026-06-14 16:53:00,001] INFO     GPSMock - 🤖 [運行 26分] 步數:638 點擊:68 種花:✕ 位置:(25.04666, 121.51611)
[2026-06-14 16:53:00,111] INFO     GPSMock - 🤖 [運行 26分] 步數:638 點擊:68 種花:✕ 位置:(25.04666, 121.51611)
[2026-06-14 16:53:00,222] INFO     GPSMock - 🤖 [運行 26分] 步數:638 點擊:68 種花:✕ 位置:(25.04666, 121.51611)
[2026-06-14 16:53:00,332] INFO     GPSMock - 🤖 [運行 26分] 步數:638 點擊:68 種花:✕ 位置:(25.04666, 121.51611)
[2026-06-14 16:53:00,442] INFO     GPSMock - 🤖 [運行 26分] 步數:638 點擊:68 種花:✕ 位置:(25.04666, 121.51611)
[2026-06-14 16:53:00,553] INFO     GPSMock - 🤖 [運行 26分] 步數:638 點擊:68 種花:✕ 位置:(25.04666, 121.51611)
[2026-06-14 16:53:00,663] INFO     GPSMock - 🤖 [運行 26分] 步數:638 點擊:68 種花:✕ 位置:(25.04666, 121.51611)
[2026-06-14 16:53:00,773] INFO     GPSMock - 🤖 [運行 26分] 步數:638 點擊:68 種花:✕ 位置:(25.04666, 121.51611)
[2026-06-14 16:53:30,045] INFO     GPSMock - 🤖 [運行 26分] 步數:638 點擊:68 種花:✕ 位置:(25.04666, 121.51611)
[2026-06-14 16:53:30,154] INFO     GPSMock - 🤖 [運行 26分] 步數:638 點擊:68 種花:✕ 位置:(25.04666, 121.51611)
[2026-06-14 16:54:00,089] INFO     GPSMock - 🤖 [運行 27分] 步數:638 點擊:68 種花:✕ 位置:(25.04666, 121.51611)
[2026-06-14 16:54:00,197] INFO     GPSMock - 🤖 [運行 27分] 步數:638 點擊:68 種花:✕ 位置:(25.04666, 121.51611)
[2026-06-14 16:54:00,308] INFO     GPSMock - 🤖 [運行 27分] 步數:638 點擊:68 種花:✕ 位置:(25.04666, 121.51611)
[2026-06-14 16:54:00,418] INFO     GPSMock - 🤖 [運行 27分] 步數:638 點擊:68 種花:✕ 位置:(25.04666, 121.51611)
[2026-06-14 16:54:00,526] INFO     GPSMock - 🤖 [運行 27分] 步數:638 點擊:68 種花:✕ 位置:(25.04666, 121.51611)
[2026-06-14 16:54:00,636] INFO     GPSMock - 🤖 [運行 27分] 步數:638 點擊:68 種花:✕ 位置:(25.04666, 121.51611)
[2026-06-14 16:54:00,743] INFO     GPSMock - 🤖 [運行 27分] 步數:638 點擊:68 種花:✕ 位置:(25.04666, 121.51611)
[2026-06-14 16:54:02,241] INFO     GPSMock - 🎁 執行收集檢查 ...
[2026-06-14 16:54:30,083] INFO     GPSMock - 🤖 [運行 27分] 步數:638 點擊:75 種花:✕ 位置:(25.04666, 121.51611)
[2026-06-14 16:55:00,084] INFO     GPSMock - 🤖 [運行 28分] 步數:638 點擊:75 種花:✕ 位置:(25.04666, 121.51611)
[2026-06-14 16:55:00,192] INFO     GPSMock - 🤖 [運行 28分] 步數:638 點擊:75 種花:✕ 位置:(25.04666, 121.51611)
[2026-06-14 16:55:00,301] INFO     GPSMock - 🤖 [運行 28分] 步數:638 點擊:75 種花:✕ 位置:(25.04666, 121.51611)
[2026-06-14 16:55:00,409] INFO     GPSMock - 🤖 [運行 28分] 步數:638 點擊:75 種花:✕ 位置:(25.04666, 121.51611)
[2026-06-14 16:55:00,517] INFO     GPSMock - 🤖 [運行 28分] 步數:638 點擊:75 種花:✕ 位置:(25.04666, 121.51611)
[2026-06-14 16:55:30,027] INFO     GPSMock - 🤖 [運行 28分] 步數:638 點擊:75 種花:✕ 位置:(25.04666, 121.51611)
[2026-06-14 16:55:30,137] INFO     GPSMock - 🤖 [運行 28分] 步數:638 點擊:75 種花:✕ 位置:(25.04666, 121.51611)
[2026-06-14 16:55:30,244] INFO     GPSMock - 🤖 [運行 28分] 步數:638 點擊:75 種花:✕ 位置:(25.04666, 121.51611)
[2026-06-14 16:55:30,354] INFO     GPSMock - 🤖 [運行 29分] 步數:638 點擊:75 種花:✕ 位置:(25.04666, 121.51611)
[2026-06-14 16:55:30,463] INFO     GPSMock - 🤖 [運行 29分] 步數:638 點擊:75 種花:✕ 位置:(25.04666, 121.51611)
[2026-06-14 16:55:30,571] INFO     GPSMock - 🤖 [運行 29分] 步數:638 點擊:75 種花:✕ 位置:(25.04666, 121.51611)
[2026-06-14 16:55:30,680] INFO     GPSMock - 🤖 [運行 29分] 步數:638 點擊:75 種花:✕ 位置:(25.04666, 121.51611)
[2026-06-14 16:55:30,789] INFO     GPSMock - 🤖 [運行 29分] 步數:638 點擊:75 種花:✕ 位置:(25.04666, 121.51611)
[2026-06-14 16:55:30,897] INFO     GPSMock - 🤖 [運行 29分] 步數:638 點擊:75 種花:✕ 位置:(25.04666, 121.51611)
[2026-06-14 16:56:00,055] INFO     GPSMock - 🤖 [運行 29分] 步數:638 點擊:75 種花:✕ 位置:(25.04666, 121.51611)
[2026-06-14 16:56:00,164] INFO     GPSMock - 🤖 [運行 29分] 步數:638 點擊:75 種花:✕ 位置:(25.04666, 121.51611)
[2026-06-14 16:56:00,274] INFO     GPSMock - 🤖 [運行 29分] 步數:638 點擊:75 種花:✕ 位置:(25.04666, 121.51611)
[2026-06-14 16:56:09,744] WARNING  GPSMock - ⚠ Pikmin Bloom 未在前景運行
[2026-06-14 16:56:09,744] INFO     GPSMock - 啟動 Pikmin Bloom ...
[2026-06-14 16:56:30,106] INFO     GPSMock - 🤖 [運行 29分] 步數:638 點擊:75 種花:✕ 位置:(25.04666, 121.51611)
[2026-06-14 16:56:30,214] INFO     GPSMock - 🤖 [運行 29分] 步數:638 點擊:75 種花:✕ 位置:(25.04666, 121.51611)
[2026-06-14 16:57:00,003] INFO     GPSMock - 🤖 [運行 30分] 步數:638 點擊:75 種花:✕ 位置:(25.04666, 121.51611)
[2026-06-14 16:57:00,114] INFO     GPSMock - 🤖 [運行 30分] 步數:638 點擊:75 種花:✕ 位置:(25.04666, 121.51611)
[2026-06-14 16:57:00,222] INFO     GPSMock - 🤖 [運行 30分] 步數:638 點擊:75 種花:✕ 位置:(25.04666, 121.51611)
[2026-06-14 16:57:00,330] INFO     GPSMock - 🤖 [運行 30分] 步數:638 點擊:75 種花:✕ 位置:(25.04666, 121.51611)
[2026-06-14 16:57:00,438] INFO     GPSMock - 🤖 [運行 30分] 步數:638 點擊:75 種花:✕ 位置:(25.04666, 121.51611)
[2026-06-14 16:57:00,547] INFO     GPSMock - 🤖 [運行 30分] 步數:638 點擊:75 種花:✕ 位置:(25.04666, 121.51611)
[2026-06-14 16:57:00,683] WARNING  GPSMock - Pikmin Bloom 未在運行，重新啟動
[2026-06-14 16:57:00,683] INFO     GPSMock - 啟動 Pikmin Bloom ...
[2026-06-14 16:57:00,698] INFO     GPSMock - 🤖 [運行 30分] 步數:638 點擊:75 種花:✕ 位置:(25.04666, 121.51611)
[2026-06-14 16:57:02,144] WARNING  GPSMock - Pikmin Bloom 未在運行，重新啟動
[2026-06-14 16:57:02,145] INFO     GPSMock - 啟動 Pikmin Bloom ...
[2026-06-14 16:57:09,777] WARNING  GPSMock - ⚠ Pikmin Bloom 未在前景運行
[2026-06-14 16:57:09,777] INFO     GPSMock - 啟動 Pikmin Bloom ...
[2026-06-14 16:57:30,019] INFO     GPSMock - 🤖 [運行 30分] 步數:638 點擊:75 種花:✕ 位置:(25.04666, 121.51611)
[2026-06-14 16:57:30,127] INFO     GPSMock - 🤖 [運行 30分] 步數:638 點擊:75 種花:✕ 位置:(25.04666, 121.51611)
[2026-06-14 16:57:30,234] INFO     GPSMock - 🤖 [運行 30分] 步數:638 點擊:75 種花:✕ 位置:(25.04666, 121.51611)
[2026-06-14 16:58:00,036] INFO     GPSMock - 🤖 [運行 31分] 步數:638 點擊:75 種花:✕ 位置:(25.04666, 121.51611)
[2026-06-14 16:58:00,144] INFO     GPSMock - 🤖 [運行 31分] 步數:638 點擊:75 種花:✕ 位置:(25.04666, 121.51611)
[2026-06-14 16:58:00,251] INFO     GPSMock - 🤖 [運行 31分] 步數:638 點擊:75 種花:✕ 位置:(25.04666, 121.51611)
[2026-06-14 16:58:00,360] INFO     GPSMock - 🤖 [運行 31分] 步數:638 點擊:75 種花:✕ 位置:(25.04666, 121.51611)
[2026-06-14 16:58:00,469] INFO     GPSMock - 🤖 [運行 31分] 步數:638 點擊:75 種花:✕ 位置:(25.04666, 121.51611)
[2026-06-14 16:58:00,577] INFO     GPSMock - 🤖 [運行 31分] 步數:638 點擊:75 種花:✕ 位置:(25.04666, 121.51611)
[2026-06-14 16:58:00,684] INFO     GPSMock - 🤖 [運行 31分] 步數:638 點擊:75 種花:✕ 位置:(25.04666, 121.51611)
[2026-06-14 16:58:09,840] WARNING  GPSMock - ⚠ Pikmin Bloom 未在前景運行
[2026-06-14 16:58:09,840] INFO     GPSMock - 啟動 Pikmin Bloom ...
[2026-06-14 16:58:30,084] INFO     GPSMock - 🤖 [運行 31分] 步數:638 點擊:75 種花:✕ 位置:(25.04666, 121.51611)
[2026-06-14 16:58:30,194] INFO     GPSMock - 🤖 [運行 31分] 步數:638 點擊:75 種花:✕ 位置:(25.04666, 121.51611)
[2026-06-14 16:58:30,304] INFO     GPSMock - 🤖 [運行 32分] 步數:638 點擊:75 種花:✕ 位置:(25.04666, 121.51611)
[2026-06-14 16:59:00,001] INFO     GPSMock - 🤖 [運行 32分] 步數:638 點擊:75 種花:✕ 位置:(25.04666, 121.51611)
[2026-06-14 16:59:00,110] INFO     GPSMock - 🤖 [運行 32分] 步數:638 點擊:75 種花:✕ 位置:(25.04666, 121.51611)
[2026-06-14 16:59:00,220] INFO     GPSMock - 🤖 [運行 32分] 步數:638 點擊:75 種花:✕ 位置:(25.04666, 121.51611)
[2026-06-14 16:59:00,329] INFO     GPSMock - 🤖 [運行 32分] 步數:638 點擊:75 種花:✕ 位置:(25.04666, 121.51611)
[2026-06-14 16:59:00,439] INFO     GPSMock - 🤖 [運行 32分] 步數:638 點擊:75 種花:✕ 位置:(25.04666, 121.51611)
[2026-06-14 16:59:00,548] INFO     GPSMock - 🤖 [運行 32分] 步數:638 點擊:75 種花:✕ 位置:(25.04666, 121.51611)
[2026-06-14 16:59:00,657] INFO     GPSMock - 🤖 [運行 32分] 步數:638 點擊:75 種花:✕ 位置:(25.04666, 121.51611)
[2026-06-14 16:59:00,765] INFO     GPSMock - 🤖 [運行 32分] 步數:638 點擊:75 種花:✕ 位置:(25.04666, 121.51611)
[2026-06-14 16:59:09,915] WARNING  GPSMock - ⚠ Pikmin Bloom 未在前景運行
[2026-06-14 16:59:09,915] INFO     GPSMock - 啟動 Pikmin Bloom ...
[2026-06-14 16:59:30,062] INFO     GPSMock - 🤖 [運行 32分] 步數:638 點擊:75 種花:✕ 位置:(25.04666, 121.51611)
[2026-06-14 16:59:30,172] INFO     GPSMock - 🤖 [運行 32分] 步數:638 點擊:75 種花:✕ 位置:(25.04666, 121.51611)
[2026-06-14 16:59:30,281] INFO     GPSMock - 🤖 [運行 33分] 步數:638 點擊:75 種花:✕ 位置:(25.04666, 121.51611)
[2026-06-14 16:59:30,389] INFO     GPSMock - 🤖 [運行 33分] 步數:638 點擊:75 種花:✕ 位置:(25.04666, 121.51611)
[2026-06-14 17:00:00,093] INFO     GPSMock - 🤖 [運行 33分] 步數:638 點擊:75 種花:✕ 位置:(25.04666, 121.51611)
[2026-06-14 17:00:00,203] INFO     GPSMock - 🤖 [運行 33分] 步數:638 點擊:75 種花:✕ 位置:(25.04666, 121.51611)
[2026-06-14 17:00:00,312] INFO     GPSMock - 🤖 [運行 33分] 步數:638 點擊:75 種花:✕ 位置:(25.04666, 121.51611)
[2026-06-14 17:00:00,423] INFO     GPSMock - 🤖 [運行 33分] 步數:638 點擊:75 種花:✕ 位置:(25.04666, 121.51611)
[2026-06-14 17:00:00,532] INFO     GPSMock - 🤖 [運行 33分] 步數:638 點擊:75 種花:✕ 位置:(25.04666, 121.51611)
[2026-06-14 17:00:00,643] INFO     GPSMock - 🤖 [運行 33分] 步數:638 點擊:75 種花:✕ 位置:(25.04666, 121.51611)
[2026-06-14 17:00:00,751] INFO     GPSMock - 🤖 [運行 33分] 步數:638 點擊:75 種花:✕ 位置:(25.04666, 121.51611)
[2026-06-14 17:00:00,860] INFO     GPSMock - 🤖 [運行 33分] 步數:638 點擊:75 種花:✕ 位置:(25.04666, 121.51611)
[2026-06-14 17:00:02,197] WARNING  GPSMock - Pikmin Bloom 未在運行，重新啟動
[2026-06-14 17:00:02,197] INFO     GPSMock - 啟動 Pikmin Bloom ...
[2026-06-14 17:00:09,950] WARNING  GPSMock - ⚠ Pikmin Bloom 未在前景運行
[2026-06-14 17:00:09,950] INFO     GPSMock - 啟動 Pikmin Bloom ...
[2026-06-14 17:00:30,090] INFO     GPSMock - 🤖 [運行 33分] 步數:638 點擊:75 種花:✕ 位置:(25.04666, 121.51611)
[2026-06-14 17:00:30,199] INFO     GPSMock - 🤖 [運行 33分] 步數:638 點擊:75 種花:✕ 位置:(25.04666, 121.51611)
[2026-06-14 17:00:30,308] INFO     GPSMock - 🤖 [運行 34分] 步數:638 點擊:75 種花:✕ 位置:(25.04666, 121.51611)
[2026-06-14 17:00:30,418] INFO     GPSMock - 🤖 [運行 34分] 步數:638 點擊:75 種花:✕ 位置:(25.04666, 121.51611)
[2026-06-14 17:01:00,006] INFO     GPSMock - 🤖 [運行 34分] 步數:638 點擊:75 種花:✕ 位置:(25.04666, 121.51611)
[2026-06-14 17:01:00,114] INFO     GPSMock - 🤖 [運行 34分] 步數:638 點擊:75 種花:✕ 位置:(25.04666, 121.51611)
[2026-06-14 17:01:00,223] INFO     GPSMock - 🤖 [運行 34分] 步數:638 點擊:75 種花:✕ 位置:(25.04666, 121.51611)
[2026-06-14 17:01:00,333] INFO     GPSMock - 🤖 [運行 34分] 步數:638 點擊:75 種花:✕ 位置:(25.04666, 121.51611)
[2026-06-14 17:01:00,441] INFO     GPSMock - 🤖 [運行 34分] 步數:638 點擊:75 種花:✕ 位置:(25.04666, 121.51611)
[2026-06-14 17:01:00,549] INFO     GPSMock - 🤖 [運行 34分] 步數:638 點擊:75 種花:✕ 位置:(25.04666, 121.51611)
[2026-06-14 17:01:00,659] INFO     GPSMock - 🤖 [運行 34分] 步數:638 點擊:75 種花:✕ 位置:(25.04666, 121.51611)
[2026-06-14 17:01:00,768] INFO     GPSMock - 🤖 [運行 34分] 步數:638 點擊:75 種花:✕ 位置:(25.04666, 121.51611)
[2026-06-14 17:01:00,876] INFO     GPSMock - 🤖 [運行 34分] 步數:638 點擊:75 種花:✕ 位置:(25.04666, 121.51611)
[2026-06-14 17:01:10,023] WARNING  GPSMock - ⚠ Pikmin Bloom 未在前景運行
[2026-06-14 17:01:10,023] INFO     GPSMock - 啟動 Pikmin Bloom ...
[2026-06-14 17:01:30,051] INFO     GPSMock - 🤖 [運行 34分] 步數:638 點擊:75 種花:✕ 位置:(25.04666, 121.51611)
[2026-06-14 17:01:30,159] INFO     GPSMock - 🤖 [運行 34分] 步數:638 點擊:75 種花:✕ 位置:(25.04666, 121.51611)
[2026-06-14 17:01:30,267] INFO     GPSMock - 🤖 [運行 35分] 步數:638 點擊:75 種花:✕ 位置:(25.04666, 121.51611)
[2026-06-14 17:01:30,375] INFO     GPSMock - 🤖 [運行 35分] 步數:638 點擊:75 種花:✕ 位置:(25.04666, 121.51611)
[2026-06-14 17:01:30,483] INFO     GPSMock - 🤖 [運行 35分] 步數:638 點擊:75 種花:✕ 位置:(25.04666, 121.51611)
[2026-06-14 17:02:00,074] INFO     GPSMock - 🤖 [運行 35分] 步數:638 點擊:75 種花:✕ 位置:(25.04666, 121.51611)
[2026-06-14 17:02:00,182] INFO     GPSMock - 🤖 [運行 35分] 步數:638 點擊:75 種花:✕ 位置:(25.04666, 121.51611)
[2026-06-14 17:02:00,289] INFO     GPSMock - 🤖 [運行 35分] 步數:638 點擊:75 種花:✕ 位置:(25.04666, 121.51611)
[2026-06-14 17:02:00,398] INFO     GPSMock - 🤖 [運行 35分] 步數:638 點擊:75 種花:✕ 位置:(25.04666, 121.51611)
[2026-06-14 17:02:00,507] INFO     GPSMock - 🤖 [運行 35分] 步數:638 點擊:75 種花:✕ 位置:(25.04666, 121.51611)
[2026-06-14 17:02:00,616] INFO     GPSMock - 🤖 [運行 35分] 步數:638 點擊:75 種花:✕ 位置:(25.04666, 121.51611)
[2026-06-14 17:02:00,753] WARNING  GPSMock - Pikmin Bloom 未在運行，重新啟動
[2026-06-14 17:02:00,753] INFO     GPSMock - 啟動 Pikmin Bloom ...
[2026-06-14 17:02:00,767] INFO     GPSMock - 🤖 [運行 35分] 步數:638 點擊:75 種花:✕ 位置:(25.04666, 121.51611)
[2026-06-14 17:02:00,877] INFO     GPSMock - 🤖 [運行 35分] 步數:638 點擊:75 種花:✕ 位置:(25.04666, 121.51611)
[2026-06-14 17:02:10,124] WARNING  GPSMock - ⚠ Pikmin Bloom 未在前景運行
[2026-06-14 17:02:10,124] INFO     GPSMock - 啟動 Pikmin Bloom ...
[2026-06-14 17:02:30,045] INFO     GPSMock - 🤖 [運行 35分] 步數:638 點擊:75 種花:✕ 位置:(25.04666, 121.51611)
[2026-06-14 17:02:30,153] INFO     GPSMock - 🤖 [運行 35分] 步數:638 點擊:75 種花:✕ 位置:(25.04666, 121.51611)
[2026-06-14 17:02:30,262] INFO     GPSMock - 🤖 [運行 36分] 步數:638 點擊:75 種花:✕ 位置:(25.04666, 121.51611)
[2026-06-14 17:02:30,371] INFO     GPSMock - 🤖 [運行 36分] 步數:638 點擊:75 種花:✕ 位置:(25.04666, 121.51611)
[2026-06-14 17:02:30,479] INFO     GPSMock - 🤖 [運行 36分] 步數:638 點擊:75 種花:✕ 位置:(25.04666, 121.51611)
[2026-06-14 17:02:30,589] INFO     GPSMock - 🤖 [運行 36分] 步數:638 點擊:75 種花:✕ 位置:(25.04666, 121.51611)
[2026-06-14 17:03:02,281] WARNING  GPSMock - Pikmin Bloom 未在運行，重新啟動
[2026-06-14 17:03:02,281] INFO     GPSMock - 啟動 Pikmin Bloom ...
[2026-06-14 17:03:10,140] WARNING  GPSMock - ⚠ Pikmin Bloom 未在前景運行
[2026-06-14 17:03:10,140] INFO     GPSMock - 啟動 Pikmin Bloom ...
[2026-06-14 17:03:30,059] INFO     GPSMock - 🤖 [運行 36分] 步數:638 點擊:75 種花:✕ 位置:(25.04666, 121.51611)
[2026-06-14 17:03:30,168] INFO     GPSMock - 🤖 [運行 36分] 步數:638 點擊:75 種花:✕ 位置:(25.04666, 121.51611)
[2026-06-14 17:03:30,275] INFO     GPSMock - 🤖 [運行 37分] 步數:638 點擊:75 種花:✕ 位置:(25.04666, 121.51611)
[2026-06-14 17:03:30,382] INFO     GPSMock - 🤖 [運行 37分] 步數:638 點擊:75 種花:✕ 位置:(25.04666, 121.51611)
[2026-06-14 17:03:30,491] INFO     GPSMock - 🤖 [運行 37分] 步數:638 點擊:75 種花:✕ 位置:(25.04666, 121.51611)
[2026-06-14 17:03:30,599] INFO     GPSMock - 🤖 [運行 37分] 步數:638 點擊:75 種花:✕ 位置:(25.04666, 121.51611)
[2026-06-14 17:04:10,187] WARNING  GPSMock - ⚠ Pikmin Bloom 未在前景運行
[2026-06-14 17:04:10,187] INFO     GPSMock - 啟動 Pikmin Bloom ...
[2026-06-14 17:04:30,098] INFO     GPSMock - 🤖 [運行 37分] 步數:638 點擊:75 種花:✕ 位置:(25.04666, 121.51611)
[2026-06-14 17:04:30,207] INFO     GPSMock - 🤖 [運行 37分] 步數:638 點擊:75 種花:✕ 位置:(25.04666, 121.51611)
[2026-06-14 17:04:30,315] INFO     GPSMock - 🤖 [運行 38分] 步數:638 點擊:75 種花:✕ 位置:(25.04666, 121.51611)
[2026-06-14 17:04:30,425] INFO     GPSMock - 🤖 [運行 38分] 步數:638 點擊:75 種花:✕ 位置:(25.04666, 121.51611)
[2026-06-14 17:04:30,533] INFO     GPSMock - 🤖 [運行 38分] 步數:638 點擊:75 種花:✕ 位置:(25.04666, 121.51611)
[2026-06-14 17:04:30,642] INFO     GPSMock - 🤖 [運行 38分] 步數:638 點擊:75 種花:✕ 位置:(25.04666, 121.51611)
[2026-06-14 17:05:00,019] INFO     GPSMock - 🤖 [運行 38分] 步數:638 點擊:75 種花:✕ 位置:(25.04666, 121.51611)
[2026-06-14 17:05:10,255] WARNING  GPSMock - ⚠ Pikmin Bloom 未在前景運行
[2026-06-14 17:05:10,255] INFO     GPSMock - 啟動 Pikmin Bloom ...
[2026-06-14 17:05:30,054] INFO     GPSMock - 🤖 [運行 38分] 步數:638 點擊:75 種花:✕ 位置:(25.04666, 121.51611)
[2026-06-14 17:05:30,162] INFO     GPSMock - 🤖 [運行 38分] 步數:638 點擊:75 種花:✕ 位置:(25.04666, 121.51611)
[2026-06-14 17:05:30,270] INFO     GPSMock - 🤖 [運行 39分] 步數:638 點擊:75 種花:✕ 位置:(25.04666, 121.51611)
[2026-06-14 17:05:30,380] INFO     GPSMock - 🤖 [運行 39分] 步數:638 點擊:75 種花:✕ 位置:(25.04666, 121.51611)
[2026-06-14 17:05:30,488] INFO     GPSMock - 🤖 [運行 39分] 步數:638 點擊:75 種花:✕ 位置:(25.04666, 121.51611)
[2026-06-14 17:05:30,595] INFO     GPSMock - 🤖 [運行 39分] 步數:638 點擊:75 種花:✕ 位置:(25.04666, 121.51611)
[2026-06-14 17:05:30,703] INFO     GPSMock - 🤖 [運行 39分] 步數:638 點擊:75 種花:✕ 位置:(25.04666, 121.51611)
[2026-06-14 17:06:00,065] INFO     GPSMock - 🤖 [運行 39分] 步數:638 點擊:75 種花:✕ 位置:(25.04666, 121.51611)
[2026-06-14 17:06:10,312] WARNING  GPSMock - ⚠ Pikmin Bloom 未在前景運行
[2026-06-14 17:06:10,312] INFO     GPSMock - 啟動 Pikmin Bloom ...
[2026-06-14 17:06:30,005] INFO     GPSMock - 🤖 [運行 39分] 步數:638 點擊:75 種花:✕ 位置:(25.04666, 121.51611)
[2026-06-14 17:06:30,114] INFO     GPSMock - 🤖 [運行 39分] 步數:638 點擊:75 種花:✕ 位置:(25.04666, 121.51611)
[2026-06-14 17:06:30,223] INFO     GPSMock - 🤖 [運行 39分] 步數:638 點擊:75 種花:✕ 位置:(25.04666, 121.51611)
[2026-06-14 17:06:30,333] INFO     GPSMock - 🤖 [運行 40分] 步數:638 點擊:75 種花:✕ 位置:(25.04666, 121.51611)
[2026-06-14 17:06:30,440] INFO     GPSMock - 🤖 [運行 40分] 步數:638 點擊:75 種花:✕ 位置:(25.04666, 121.51611)
[2026-06-14 17:06:30,549] INFO     GPSMock - 🤖 [運行 40分] 步數:638 點擊:75 種花:✕ 位置:(25.04666, 121.51611)
[2026-06-14 17:06:30,659] INFO     GPSMock - 🤖 [運行 40分] 步數:638 點擊:75 種花:✕ 位置:(25.04666, 121.51611)
[2026-06-14 17:06:30,768] INFO     GPSMock - 🤖 [運行 40分] 步數:638 點擊:75 種花:✕ 位置:(25.04666, 121.51611)
[2026-06-14 17:07:00,040] INFO     GPSMock - 🤖 [運行 40分] 步數:638 點擊:75 種花:✕ 位置:(25.04666, 121.51611)
[2026-06-14 17:07:00,148] INFO     GPSMock - 🤖 [運行 40分] 步數:638 點擊:75 種花:✕ 位置:(25.04666, 121.51611)
[2026-06-14 17:07:00,815] WARNING  GPSMock - 種花例行程序：ADB 未連線
[2026-06-14 17:07:10,401] WARNING  GPSMock - ⚠ Pikmin Bloom 未在前景運行
[2026-06-14 17:07:10,401] INFO     GPSMock - 啟動 Pikmin Bloom ...
[2026-06-14 17:07:30,103] INFO     GPSMock - 🤖 [運行 40分] 步數:638 點擊:75 種花:✕ 位置:(25.04666, 121.51611)
[2026-06-14 17:07:30,211] INFO     GPSMock - 🤖 [運行 40分] 步數:638 點擊:75 種花:✕ 位置:(25.04666, 121.51611)
[2026-06-14 17:07:30,319] INFO     GPSMock - 🤖 [運行 41分] 步數:638 點擊:75 種花:✕ 位置:(25.04666, 121.51611)
[2026-06-14 17:07:30,429] INFO     GPSMock - 🤖 [運行 41分] 步數:638 點擊:75 種花:✕ 位置:(25.04666, 121.51611)
[2026-06-14 17:07:30,540] INFO     GPSMock - 🤖 [運行 41分] 步數:638 點擊:75 種花:✕ 位置:(25.04666, 121.51611)
[2026-06-14 17:07:30,649] INFO     GPSMock - 🤖 [運行 41分] 步數:638 點擊:75 種花:✕ 位置:(25.04666, 121.51611)
[2026-06-14 17:07:30,756] INFO     GPSMock - 🤖 [運行 41分] 步數:638 點擊:75 種花:✕ 位置:(25.04666, 121.51611)
[2026-06-14 17:07:30,864] INFO     GPSMock - 🤖 [運行 41分] 步數:638 點擊:75 種花:✕ 位置:(25.04666, 121.51611)
[2026-06-14 17:08:00,014] INFO     GPSMock - 🤖 [運行 41分] 步數:638 點擊:75 種花:✕ 位置:(25.04666, 121.51611)
[2026-06-14 17:08:00,123] INFO     GPSMock - 🤖 [運行 41分] 步數:638 點擊:75 種花:✕ 位置:(25.04666, 121.51611)
[2026-06-14 17:08:00,233] INFO     GPSMock - 🤖 [運行 41分] 步數:638 點擊:75 種花:✕ 位置:(25.04666, 121.51611)
[2026-06-14 17:08:10,475] WARNING  GPSMock - ⚠ Pikmin Bloom 未在前景運行
[2026-06-14 17:08:10,475] INFO     GPSMock - 啟動 Pikmin Bloom ...
[2026-06-14 17:08:30,070] INFO     GPSMock - 🤖 [運行 41分] 步數:638 點擊:75 種花:✕ 位置:(25.04666, 121.51611)
[2026-06-14 17:08:30,179] INFO     GPSMock - 🤖 [運行 41分] 步數:638 點擊:75 種花:✕ 位置:(25.04666, 121.51611)
[2026-06-14 17:08:30,289] INFO     GPSMock - 🤖 [運行 42分] 步數:638 點擊:75 種花:✕ 位置:(25.04666, 121.51611)
[2026-06-14 17:08:30,398] INFO     GPSMock - 🤖 [運行 42分] 步數:638 點擊:75 種花:✕ 位置:(25.04666, 121.51611)
[2026-06-14 17:08:30,508] INFO     GPSMock - 🤖 [運行 42分] 步數:638 點擊:75 種花:✕ 位置:(25.04666, 121.51611)
[2026-06-14 17:08:30,615] INFO     GPSMock - 🤖 [運行 42分] 步數:638 點擊:75 種花:✕ 位置:(25.04666, 121.51611)
[2026-06-14 17:08:30,724] INFO     GPSMock - 🤖 [運行 42分] 步數:638 點擊:75 種花:✕ 位置:(25.04666, 121.51611)
[2026-06-14 17:08:30,833] INFO     GPSMock - 🤖 [運行 42分] 步數:638 點擊:75 種花:✕ 位置:(25.04666, 121.51611)
[2026-06-14 17:08:30,942] INFO     GPSMock - 🤖 [運行 42分] 步數:638 點擊:75 種花:✕ 位置:(25.04666, 121.51611)
[2026-06-14 17:09:00,002] INFO     GPSMock - 🤖 [運行 42分] 步數:638 點擊:75 種花:✕ 位置:(25.04666, 121.51611)
[2026-06-14 17:09:00,110] INFO     GPSMock - 🤖 [運行 42分] 步數:638 點擊:75 種花:✕ 位置:(25.04666, 121.51611)
[2026-06-14 17:09:00,219] INFO     GPSMock - 🤖 [運行 42分] 步數:638 點擊:75 種花:✕ 位置:(25.04666, 121.51611)
[2026-06-14 17:09:00,327] INFO     GPSMock - 🤖 [運行 42分] 步數:638 點擊:75 種花:✕ 位置:(25.04666, 121.51611)
[2026-06-14 17:09:10,576] WARNING  GPSMock - ⚠ Pikmin Bloom 未在前景運行
[2026-06-14 17:09:10,576] INFO     GPSMock - 啟動 Pikmin Bloom ...
[2026-06-14 17:10:00,000] INFO     GPSMock - 🤖 [運行 43分] 步數:638 點擊:75 種花:✕ 位置:(25.04666, 121.51611)
[2026-06-14 17:10:00,108] INFO     GPSMock - 🤖 [運行 43分] 步數:638 點擊:75 種花:✕ 位置:(25.04666, 121.51611)
[2026-06-14 17:10:00,217] INFO     GPSMock - 🤖 [運行 43分] 步數:638 點擊:75 種花:✕ 位置:(25.04666, 121.51611)
[2026-06-14 17:10:00,327] INFO     GPSMock - 🤖 [運行 43分] 步數:638 點擊:75 種花:✕ 位置:(25.04666, 121.51611)
[2026-06-14 17:10:00,437] INFO     GPSMock - 🤖 [運行 43分] 步數:638 點擊:75 種花:✕ 位置:(25.04666, 121.51611)
[2026-06-14 17:10:10,675] WARNING  GPSMock - ⚠ Pikmin Bloom 未在前景運行
[2026-06-14 17:10:10,675] INFO     GPSMock - 啟動 Pikmin Bloom ...
[2026-06-14 17:10:30,051] INFO     GPSMock - 🤖 [運行 43分] 步數:638 點擊:75 種花:✕ 位置:(25.04666, 121.51611)
[2026-06-14 17:11:00,055] INFO     GPSMock - 🤖 [運行 44分] 步數:638 點擊:75 種花:✕ 位置:(25.04666, 121.51611)
[2026-06-14 17:11:00,163] INFO     GPSMock - 🤖 [運行 44分] 步數:638 點擊:75 種花:✕ 位置:(25.04666, 121.51611)
[2026-06-14 17:11:00,271] INFO     GPSMock - 🤖 [運行 44分] 步數:638 點擊:75 種花:✕ 位置:(25.04666, 121.51611)
[2026-06-14 17:11:00,378] INFO     GPSMock - 🤖 [運行 44分] 步數:638 點擊:75 種花:✕ 位置:(25.04666, 121.51611)
[2026-06-14 17:11:00,487] INFO     GPSMock - 🤖 [運行 44分] 步數:638 點擊:75 種花:✕ 位置:(25.04666, 121.51611)
[2026-06-14 17:11:10,737] WARNING  GPSMock - ⚠ Pikmin Bloom 未在前景運行
[2026-06-14 17:11:10,737] INFO     GPSMock - 啟動 Pikmin Bloom ...
[2026-06-14 17:11:30,009] INFO     GPSMock - 🤖 [運行 44分] 步數:638 點擊:75 種花:✕ 位置:(25.04666, 121.51611)
[2026-06-14 17:11:30,118] INFO     GPSMock - 🤖 [運行 44分] 步數:638 點擊:75 種花:✕ 位置:(25.04666, 121.51611)
[2026-06-14 17:12:00,035] INFO     GPSMock - 🤖 [運行 45分] 步數:638 點擊:75 種花:✕ 位置:(25.04666, 121.51611)
[2026-06-14 17:12:00,145] INFO     GPSMock - 🤖 [運行 45分] 步數:638 點擊:75 種花:✕ 位置:(25.04666, 121.51611)
[2026-06-14 17:12:00,254] INFO     GPSMock - 🤖 [運行 45分] 步數:638 點擊:75 種花:✕ 位置:(25.04666, 121.51611)
[2026-06-14 17:12:00,362] INFO     GPSMock - 🤖 [運行 45分] 步數:638 點擊:75 種花:✕ 位置:(25.04666, 121.51611)
[2026-06-14 17:12:00,470] INFO     GPSMock - 🤖 [運行 45分] 步數:638 點擊:75 種花:✕ 位置:(25.04666, 121.51611)
[2026-06-14 17:12:00,579] INFO     GPSMock - 🤖 [運行 45分] 步數:638 點擊:75 種花:✕ 位置:(25.04666, 121.51611)
[2026-06-14 17:12:00,921] WARNING  GPSMock - 種花例行程序：ADB 未連線
[2026-06-14 17:12:10,739] WARNING  GPSMock - ⚠ Pikmin Bloom 未在前景運行
[2026-06-14 17:12:10,739] INFO     GPSMock - 啟動 Pikmin Bloom ...
[2026-06-14 17:12:30,014] INFO     GPSMock - 🤖 [運行 45分] 步數:638 點擊:75 種花:✕ 位置:(25.04666, 121.51611)
[2026-06-14 17:12:30,121] INFO     GPSMock - 🤖 [運行 45分] 步數:638 點擊:75 種花:✕ 位置:(25.04666, 121.51611)
[2026-06-14 17:13:00,031] INFO     GPSMock - 🤖 [運行 46分] 步數:638 點擊:75 種花:✕ 位置:(25.04666, 121.51611)
[2026-06-14 17:13:00,139] INFO     GPSMock - 🤖 [運行 46分] 步數:638 點擊:75 種花:✕ 位置:(25.04666, 121.51611)
[2026-06-14 17:13:00,249] INFO     GPSMock - 🤖 [運行 46分] 步數:638 點擊:75 種花:✕ 位置:(25.04666, 121.51611)
[2026-06-14 17:13:00,358] INFO     GPSMock - 🤖 [運行 46分] 步數:638 點擊:75 種花:✕ 位置:(25.04666, 121.51611)
[2026-06-14 17:13:00,466] INFO     GPSMock - 🤖 [運行 46分] 步數:638 點擊:75 種花:✕ 位置:(25.04666, 121.51611)
[2026-06-14 17:13:00,574] INFO     GPSMock - 🤖 [運行 46分] 步數:638 點擊:75 種花:✕ 位置:(25.04666, 121.51611)
[2026-06-14 17:13:10,804] WARNING  GPSMock - ⚠ Pikmin Bloom 未在前景運行
[2026-06-14 17:13:10,804] INFO     GPSMock - 啟動 Pikmin Bloom ...
[2026-06-14 17:13:30,072] INFO     GPSMock - 🤖 [運行 46分] 步數:638 點擊:75 種花:✕ 位置:(25.04666, 121.51611)
[2026-06-14 17:13:30,180] INFO     GPSMock - 🤖 [運行 46分] 步數:638 點擊:75 種花:✕ 位置:(25.04666, 121.51611)
[2026-06-14 17:14:00,093] INFO     GPSMock - 🤖 [運行 47分] 步數:638 點擊:75 種花:✕ 位置:(25.04666, 121.51611)
[2026-06-14 17:14:00,203] INFO     GPSMock - 🤖 [運行 47分] 步數:638 點擊:75 種花:✕ 位置:(25.04666, 121.51611)
[2026-06-14 17:14:00,312] INFO     GPSMock - 🤖 [運行 47分] 步數:638 點擊:75 種花:✕ 位置:(25.04666, 121.51611)
[2026-06-14 17:14:00,422] INFO     GPSMock - 🤖 [運行 47分] 步數:638 點擊:75 種花:✕ 位置:(25.04666, 121.51611)
[2026-06-14 17:14:00,532] INFO     GPSMock - 🤖 [運行 47分] 步數:638 點擊:75 種花:✕ 位置:(25.04666, 121.51611)
[2026-06-14 17:14:00,642] INFO     GPSMock - 🤖 [運行 47分] 步數:638 點擊:75 種花:✕ 位置:(25.04666, 121.51611)
[2026-06-14 17:14:10,875] WARNING  GPSMock - ⚠ Pikmin Bloom 未在前景運行
[2026-06-14 17:14:10,875] INFO     GPSMock - 啟動 Pikmin Bloom ...
[2026-06-14 17:14:30,036] INFO     GPSMock - 🤖 [運行 47分] 步數:638 點擊:75 種花:✕ 位置:(25.04666, 121.51611)
[2026-06-14 17:14:30,146] INFO     GPSMock - 🤖 [運行 47分] 步數:638 點擊:75 種花:✕ 位置:(25.04666, 121.51611)
[2026-06-14 17:14:30,254] INFO     GPSMock - 🤖 [運行 48分] 步數:638 點擊:75 種花:✕ 位置:(25.04666, 121.51611)
[2026-06-14 17:15:00,071] INFO     GPSMock - 🤖 [運行 48分] 步數:638 點擊:75 種花:✕ 位置:(25.04666, 121.51611)
[2026-06-14 17:15:00,179] INFO     GPSMock - 🤖 [運行 48分] 步數:638 點擊:75 種花:✕ 位置:(25.04666, 121.51611)
[2026-06-14 17:15:00,287] INFO     GPSMock - 🤖 [運行 48分] 步數:638 點擊:75 種花:✕ 位置:(25.04666, 121.51611)
[2026-06-14 17:15:00,395] INFO     GPSMock - 🤖 [運行 48分] 步數:638 點擊:75 種花:✕ 位置:(25.04666, 121.51611)
[2026-06-14 17:15:00,502] INFO     GPSMock - 🤖 [運行 48分] 步數:638 點擊:75 種花:✕ 位置:(25.04666, 121.51611)
[2026-06-14 17:15:00,610] INFO     GPSMock - 🤖 [運行 48分] 步數:638 點擊:75 種花:✕ 位置:(25.04666, 121.51611)
[2026-06-14 17:15:00,718] INFO     GPSMock - 🤖 [運行 48分] 步數:638 點擊:75 種花:✕ 位置:(25.04666, 121.51611)
[2026-06-14 17:15:10,972] WARNING  GPSMock - ⚠ Pikmin Bloom 未在前景運行
[2026-06-14 17:15:10,972] INFO     GPSMock - 啟動 Pikmin Bloom ...
[2026-06-14 17:15:30,011] INFO     GPSMock - 🤖 [運行 48分] 步數:638 點擊:75 種花:✕ 位置:(25.04666, 121.51611)
[2026-06-14 17:15:30,120] INFO     GPSMock - 🤖 [運行 48分] 步數:638 點擊:75 種花:✕ 位置:(25.04666, 121.51611)
[2026-06-14 17:15:30,229] INFO     GPSMock - 🤖 [運行 48分] 步數:638 點擊:75 種花:✕ 位置:(25.04666, 121.51611)
[2026-06-14 17:15:30,339] INFO     GPSMock - 🤖 [運行 49分] 步數:638 點擊:75 種花:✕ 位置:(25.04666, 121.51611)
[2026-06-14 17:16:00,034] INFO     GPSMock - 🤖 [運行 49分] 步數:638 點擊:75 種花:✕ 位置:(25.04666, 121.51611)
[2026-06-14 17:16:00,144] INFO     GPSMock - 🤖 [運行 49分] 步數:638 點擊:75 種花:✕ 位置:(25.04666, 121.51611)
[2026-06-14 17:16:00,253] INFO     GPSMock - 🤖 [運行 49分] 步數:638 點擊:75 種花:✕ 位置:(25.04666, 121.51611)
[2026-06-14 17:16:00,361] INFO     GPSMock - 🤖 [運行 49分] 步數:638 點擊:75 種花:✕ 位置:(25.04666, 121.51611)
[2026-06-14 17:16:00,469] INFO     GPSMock - 🤖 [運行 49分] 步數:638 點擊:75 種花:✕ 位置:(25.04666, 121.51611)
[2026-06-14 17:16:00,577] INFO     GPSMock - 🤖 [運行 49分] 步數:638 點擊:75 種花:✕ 位置:(25.04666, 121.51611)
[2026-06-14 17:16:00,687] INFO     GPSMock - 🤖 [運行 49分] 步數:638 點擊:75 種花:✕ 位置:(25.04666, 121.51611)
[2026-06-14 17:16:00,796] INFO     GPSMock - 🤖 [運行 49分] 步數:638 點擊:75 種花:✕ 位置:(25.04666, 121.51611)
[2026-06-14 17:16:11,034] WARNING  GPSMock - ⚠ Pikmin Bloom 未在前景運行
[2026-06-14 17:16:11,034] INFO     GPSMock - 啟動 Pikmin Bloom ...
[2026-06-14 17:16:30,091] INFO     GPSMock - 🤖 [運行 49分] 步數:638 點擊:75 種花:✕ 位置:(25.04666, 121.51611)
[2026-06-14 17:16:30,200] INFO     GPSMock - 🤖 [運行 49分] 步數:638 點擊:75 種花:✕ 位置:(25.04666, 121.51611)
[2026-06-14 17:16:30,309] INFO     GPSMock - 🤖 [運行 50分] 步數:638 點擊:75 種花:✕ 位置:(25.04666, 121.51611)
[2026-06-14 17:16:30,419] INFO     GPSMock - 🤖 [運行 50分] 步數:638 點擊:75 種花:✕ 位置:(25.04666, 121.51611)
[2026-06-14 17:17:00,098] INFO     GPSMock - 🤖 [運行 50分] 步數:638 點擊:75 種花:✕ 位置:(25.04666, 121.51611)
[2026-06-14 17:17:00,207] INFO     GPSMock - 🤖 [運行 50分] 步數:638 點擊:75 種花:✕ 位置:(25.04666, 121.51611)
[2026-06-14 17:17:00,317] INFO     GPSMock - 🤖 [運行 50分] 步數:638 點擊:75 種花:✕ 位置:(25.04666, 121.51611)
[2026-06-14 17:17:00,427] INFO     GPSMock - 🤖 [運行 50分] 步數:638 點擊:75 種花:✕ 位置:(25.04666, 121.51611)
[2026-06-14 17:17:00,537] INFO     GPSMock - 🤖 [運行 50分] 步數:638 點擊:75 種花:✕ 位置:(25.04666, 121.51611)
[2026-06-14 17:17:00,648] INFO     GPSMock - 🤖 [運行 50分] 步數:638 點擊:75 種花:✕ 位置:(25.04666, 121.51611)
[2026-06-14 17:17:00,756] INFO     GPSMock - 🤖 [運行 50分] 步數:638 點擊:75 種花:✕ 位置:(25.04666, 121.51611)
[2026-06-14 17:17:00,865] INFO     GPSMock - 🤖 [運行 50分] 步數:638 點擊:75 種花:✕ 位置:(25.04666, 121.51611)
[2026-06-14 17:17:00,987] WARNING  GPSMock - 種花例行程序：ADB 未連線
[2026-06-14 17:17:11,123] WARNING  GPSMock - ⚠ Pikmin Bloom 未在前景運行
[2026-06-14 17:17:11,123] INFO     GPSMock - 啟動 Pikmin Bloom ...
[2026-06-14 17:17:30,066] INFO     GPSMock - 🤖 [運行 50分] 步數:638 點擊:75 種花:✕ 位置:(25.04666, 121.51611)
[2026-06-14 17:17:30,175] INFO     GPSMock - 🤖 [運行 50分] 步數:638 點擊:75 種花:✕ 位置:(25.04666, 121.51611)
[2026-06-14 17:17:30,282] INFO     GPSMock - 🤖 [運行 51分] 步數:638 點擊:75 種花:✕ 位置:(25.04666, 121.51611)
[2026-06-14 17:17:30,391] INFO     GPSMock - 🤖 [運行 51分] 步數:638 點擊:75 種花:✕ 位置:(25.04666, 121.51611)
[2026-06-14 17:17:30,501] INFO     GPSMock - 🤖 [運行 51分] 步數:638 點擊:75 種花:✕ 位置:(25.04666, 121.51611)
[2026-06-14 17:18:00,050] INFO     GPSMock - 🤖 [運行 51分] 步數:638 點擊:75 種花:✕ 位置:(25.04666, 121.51611)
[2026-06-14 17:18:00,158] INFO     GPSMock - 🤖 [運行 51分] 步數:638 點擊:75 種花:✕ 位置:(25.04666, 121.51611)
[2026-06-14 17:18:00,265] INFO     GPSMock - 🤖 [運行 51分] 步數:638 點擊:75 種花:✕ 位置:(25.04666, 121.51611)
[2026-06-14 17:18:00,375] INFO     GPSMock - 🤖 [運行 51分] 步數:638 點擊:75 種花:✕ 位置:(25.04666, 121.51611)
[2026-06-14 17:18:00,485] INFO     GPSMock - 🤖 [運行 51分] 步數:638 點擊:75 種花:✕ 位置:(25.04666, 121.51611)
[2026-06-14 17:18:00,593] INFO     GPSMock - 🤖 [運行 51分] 步數:638 點擊:75 種花:✕ 位置:(25.04666, 121.51611)
[2026-06-14 17:18:00,704] INFO     GPSMock - 🤖 [運行 51分] 步數:638 點擊:75 種花:✕ 位置:(25.04666, 121.51611)
[2026-06-14 17:18:00,813] INFO     GPSMock - 🤖 [運行 51分] 步數:638 點擊:75 種花:✕ 位置:(25.04666, 121.51611)
[2026-06-14 17:18:00,922] INFO     GPSMock - 🤖 [運行 51分] 步數:638 點擊:75 種花:✕ 位置:(25.04666, 121.51611)
[2026-06-14 17:18:11,184] WARNING  GPSMock - ⚠ Pikmin Bloom 未在前景運行
[2026-06-14 17:18:11,184] INFO     GPSMock - 啟動 Pikmin Bloom ...
[2026-06-14 17:18:30,008] INFO     GPSMock - 🤖 [運行 51分] 步數:638 點擊:75 種花:✕ 位置:(25.04666, 121.51611)
[2026-06-14 17:18:30,118] INFO     GPSMock - 🤖 [運行 51分] 步數:638 點擊:75 種花:✕ 位置:(25.04666, 121.51611)
[2026-06-14 17:18:30,226] INFO     GPSMock - 🤖 [運行 51分] 步數:638 點擊:75 種花:✕ 位置:(25.04666, 121.51611)
[2026-06-14 17:18:30,332] INFO     GPSMock - 🤖 [運行 52分] 步數:638 點擊:75 種花:✕ 位置:(25.04666, 121.51611)
[2026-06-14 17:18:30,441] INFO     GPSMock - 🤖 [運行 52分] 步數:638 點擊:75 種花:✕ 位置:(25.04666, 121.51611)
[2026-06-14 17:18:30,548] INFO     GPSMock - 🤖 [運行 52分] 步數:638 點擊:75 種花:✕ 位置:(25.04666, 121.51611)
[2026-06-14 17:19:11,237] WARNING  GPSMock - ⚠ Pikmin Bloom 未在前景運行
[2026-06-14 17:19:11,237] INFO     GPSMock - 啟動 Pikmin Bloom ...
[2026-06-14 17:19:30,071] INFO     GPSMock - 🤖 [運行 52分] 步數:638 點擊:75 種花:✕ 位置:(25.04666, 121.51611)
[2026-06-14 17:19:30,179] INFO     GPSMock - 🤖 [運行 52分] 步數:638 點擊:75 種花:✕ 位置:(25.04666, 121.51611)
[2026-06-14 17:19:30,287] INFO     GPSMock - 🤖 [運行 53分] 步數:638 點擊:75 種花:✕ 位置:(25.04666, 121.51611)
[2026-06-14 17:19:30,396] INFO     GPSMock - 🤖 [運行 53分] 步數:638 點擊:75 種花:✕ 位置:(25.04666, 121.51611)
[2026-06-14 17:19:30,505] INFO     GPSMock - 🤖 [運行 53分] 步數:638 點擊:75 種花:✕ 位置:(25.04666, 121.51611)
[2026-06-14 17:19:30,615] INFO     GPSMock - 🤖 [運行 53分] 步數:638 點擊:75 種花:✕ 位置:(25.04666, 121.51611)
[2026-06-14 17:20:11,332] WARNING  GPSMock - ⚠ Pikmin Bloom 未在前景運行
[2026-06-14 17:20:11,332] INFO     GPSMock - 啟動 Pikmin Bloom ...
[2026-06-14 17:20:30,059] INFO     GPSMock - 🤖 [運行 53分] 步數:638 點擊:75 種花:✕ 位置:(25.04666, 121.51611)
[2026-06-14 17:20:30,166] INFO     GPSMock - 🤖 [運行 53分] 步數:638 點擊:75 種花:✕ 位置:(25.04666, 121.51611)
[2026-06-14 17:20:30,276] INFO     GPSMock - 🤖 [運行 54分] 步數:638 點擊:75 種花:✕ 位置:(25.04666, 121.51611)
[2026-06-14 17:20:30,385] INFO     GPSMock - 🤖 [運行 54分] 步數:638 點擊:75 種花:✕ 位置:(25.04666, 121.51611)
[2026-06-14 17:20:30,495] INFO     GPSMock - 🤖 [運行 54分] 步數:638 點擊:75 種花:✕ 位置:(25.04666, 121.51611)
[2026-06-14 17:20:30,604] INFO     GPSMock - 🤖 [運行 54分] 步數:638 點擊:75 種花:✕ 位置:(25.04666, 121.51611)
[2026-06-14 17:20:30,714] INFO     GPSMock - 🤖 [運行 54分] 步數:638 點擊:75 種花:✕ 位置:(25.04666, 121.51611)
[2026-06-14 17:21:00,094] INFO     GPSMock - 🤖 [運行 54分] 步數:638 點擊:75 種花:✕ 位置:(25.04666, 121.51611)
[2026-06-14 17:21:11,421] WARNING  GPSMock - ⚠ Pikmin Bloom 未在前景運行
[2026-06-14 17:21:11,421] INFO     GPSMock - 啟動 Pikmin Bloom ...
[2026-06-14 17:21:30,042] INFO     GPSMock - 🤖 [運行 54分] 步數:638 點擊:75 種花:✕ 位置:(25.04666, 121.51611)
[2026-06-14 17:21:30,151] INFO     GPSMock - 🤖 [運行 54分] 步數:638 點擊:75 種花:✕ 位置:(25.04666, 121.51611)
[2026-06-14 17:21:30,259] INFO     GPSMock - 🤖 [運行 55分] 步數:638 點擊:75 種花:✕ 位置:(25.04666, 121.51611)
[2026-06-14 17:21:30,369] INFO     GPSMock - 🤖 [運行 55分] 步數:638 點擊:75 種花:✕ 位置:(25.04666, 121.51611)
[2026-06-14 17:21:30,479] INFO     GPSMock - 🤖 [運行 55分] 步數:638 點擊:75 種花:✕ 位置:(25.04666, 121.51611)
[2026-06-14 17:21:30,586] INFO     GPSMock - 🤖 [運行 55分] 步數:638 點擊:75 種花:✕ 位置:(25.04666, 121.51611)
[2026-06-14 17:21:30,696] INFO     GPSMock - 🤖 [運行 55分] 步數:638 點擊:75 種花:✕ 位置:(25.04666, 121.51611)
[2026-06-14 17:21:30,805] INFO     GPSMock - 🤖 [運行 55分] 步數:638 點擊:75 種花:✕ 位置:(25.04666, 121.51611)
[2026-06-14 17:22:00,054] INFO     GPSMock - 🤖 [運行 55分] 步數:638 點擊:75 種花:✕ 位置:(25.04666, 121.51611)
[2026-06-14 17:22:00,164] INFO     GPSMock - 🤖 [運行 55分] 步數:638 點擊:75 種花:✕ 位置:(25.04666, 121.51611)
[2026-06-14 17:22:01,043] WARNING  GPSMock - 種花例行程序：ADB 未連線
[2026-06-14 17:22:11,504] WARNING  GPSMock - ⚠ Pikmin Bloom 未在前景運行
[2026-06-14 17:22:11,504] INFO     GPSMock - 啟動 Pikmin Bloom ...
[2026-06-14 17:22:30,009] INFO     GPSMock - 🤖 [運行 55分] 步數:638 點擊:75 種花:✕ 位置:(25.04666, 121.51611)
[2026-06-14 17:22:30,117] INFO     GPSMock - 🤖 [運行 55分] 步數:638 點擊:75 種花:✕ 位置:(25.04666, 121.51611)
[2026-06-14 17:22:30,225] INFO     GPSMock - 🤖 [運行 55分] 步數:638 點擊:75 種花:✕ 位置:(25.04666, 121.51611)
[2026-06-14 17:22:30,335] INFO     GPSMock - 🤖 [運行 56分] 步數:638 點擊:75 種花:✕ 位置:(25.04666, 121.51611)
[2026-06-14 17:22:30,443] INFO     GPSMock - 🤖 [運行 56分] 步數:638 點擊:75 種花:✕ 位置:(25.04666, 121.51611)
[2026-06-14 17:22:30,552] INFO     GPSMock - 🤖 [運行 56分] 步數:638 點擊:75 種花:✕ 位置:(25.04666, 121.51611)
[2026-06-14 17:22:30,661] INFO     GPSMock - 🤖 [運行 56分] 步數:638 點擊:75 種花:✕ 位置:(25.04666, 121.51611)
[2026-06-14 17:22:30,770] INFO     GPSMock - 🤖 [運行 56分] 步數:638 點擊:75 種花:✕ 位置:(25.04666, 121.51611)
[2026-06-14 17:22:30,878] INFO     GPSMock - 🤖 [運行 56分] 步數:638 點擊:75 種花:✕ 位置:(25.04666, 121.51611)
[2026-06-14 17:23:00,039] INFO     GPSMock - 🤖 [運行 56分] 步數:638 點擊:75 種花:✕ 位置:(25.04666, 121.51611)
[2026-06-14 17:23:00,149] INFO     GPSMock - 🤖 [運行 56分] 步數:638 點擊:75 種花:✕ 位置:(25.04666, 121.51611)
[2026-06-14 17:23:00,257] INFO     GPSMock - 🤖 [運行 56分] 步數:638 點擊:75 種花:✕ 位置:(25.04666, 121.51611)
[2026-06-14 17:23:11,590] WARNING  GPSMock - ⚠ Pikmin Bloom 未在前景運行
[2026-06-14 17:23:11,590] INFO     GPSMock - 啟動 Pikmin Bloom ...
[2026-06-14 17:23:30,097] INFO     GPSMock - 🤖 [運行 56分] 步數:638 點擊:75 種花:✕ 位置:(25.04666, 121.51611)
[2026-06-14 17:23:30,208] INFO     GPSMock - 🤖 [運行 56分] 步數:638 點擊:75 種花:✕ 位置:(25.04666, 121.51611)
[2026-06-14 17:23:30,317] INFO     GPSMock - 🤖 [運行 57分] 步數:638 點擊:75 種花:✕ 位置:(25.04666, 121.51611)
[2026-06-14 17:23:30,424] INFO     GPSMock - 🤖 [運行 57分] 步數:638 點擊:75 種花:✕ 位置:(25.04666, 121.51611)
[2026-06-14 17:23:30,532] INFO     GPSMock - 🤖 [運行 57分] 步數:638 點擊:75 種花:✕ 位置:(25.04666, 121.51611)
[2026-06-14 17:23:30,640] INFO     GPSMock - 🤖 [運行 57分] 步數:638 點擊:75 種花:✕ 位置:(25.04666, 121.51611)
[2026-06-14 17:23:30,748] INFO     GPSMock - 🤖 [運行 57分] 步數:638 點擊:75 種花:✕ 位置:(25.04666, 121.51611)
[2026-06-14 17:23:30,858] INFO     GPSMock - 🤖 [運行 57分] 步數:638 點擊:75 種花:✕ 位置:(25.04666, 121.51611)
[2026-06-14 17:23:30,967] INFO     GPSMock - 🤖 [運行 57分] 步數:638 點擊:75 種花:✕ 位置:(25.04666, 121.51611)
[2026-06-14 17:24:00,016] INFO     GPSMock - 🤖 [運行 57分] 步數:638 點擊:75 種花:✕ 位置:(25.04666, 121.51611)
[2026-06-14 17:24:00,124] INFO     GPSMock - 🤖 [運行 57分] 步數:638 點擊:75 種花:✕ 位置:(25.04666, 121.51611)
[2026-06-14 17:24:00,233] INFO     GPSMock - 🤖 [運行 57分] 步數:638 點擊:75 種花:✕ 位置:(25.04666, 121.51611)
[2026-06-14 17:24:00,339] INFO     GPSMock - 🤖 [運行 57分] 步數:638 點擊:75 種花:✕ 位置:(25.04666, 121.51611)
[2026-06-14 17:24:11,667] WARNING  GPSMock - ⚠ Pikmin Bloom 未在前景運行
[2026-06-14 17:24:11,667] INFO     GPSMock - 啟動 Pikmin Bloom ...
[2026-06-14 17:25:00,082] INFO     GPSMock - 🤖 [運行 58分] 步數:638 點擊:75 種花:✕ 位置:(25.04666, 121.51611)
[2026-06-14 17:25:00,190] INFO     GPSMock - 🤖 [運行 58分] 步數:638 點擊:75 種花:✕ 位置:(25.04666, 121.51611)
[2026-06-14 17:25:00,299] INFO     GPSMock - 🤖 [運行 58分] 步數:638 點擊:75 種花:✕ 位置:(25.04666, 121.51611)
[2026-06-14 17:25:00,409] INFO     GPSMock - 🤖 [運行 58分] 步數:638 點擊:75 種花:✕ 位置:(25.04666, 121.51611)
[2026-06-14 17:25:11,731] WARNING  GPSMock - ⚠ Pikmin Bloom 未在前景運行
[2026-06-14 17:25:11,731] INFO     GPSMock - 啟動 Pikmin Bloom ...
[2026-06-14 17:25:30,012] INFO     GPSMock - 🤖 [運行 58分] 步數:638 點擊:75 種花:✕ 位置:(25.04666, 121.51611)
[2026-06-14 17:26:00,033] INFO     GPSMock - 🤖 [運行 59分] 步數:638 點擊:75 種花:✕ 位置:(25.04666, 121.51611)
[2026-06-14 17:26:00,141] INFO     GPSMock - 🤖 [運行 59分] 步數:638 點擊:75 種花:✕ 位置:(25.04666, 121.51611)
[2026-06-14 17:26:00,250] INFO     GPSMock - 🤖 [運行 59分] 步數:638 點擊:75 種花:✕ 位置:(25.04666, 121.51611)
[2026-06-14 17:26:00,358] INFO     GPSMock - 🤖 [運行 59分] 步數:638 點擊:75 種花:✕ 位置:(25.04666, 121.51611)
[2026-06-14 17:26:00,467] INFO     GPSMock - 🤖 [運行 59分] 步數:638 點擊:75 種花:✕ 位置:(25.04666, 121.51611)
[2026-06-14 17:26:11,798] WARNING  GPSMock - ⚠ Pikmin Bloom 未在前景運行
[2026-06-14 17:26:11,798] INFO     GPSMock - 啟動 Pikmin Bloom ...
[2026-06-14 17:26:30,094] INFO     GPSMock - 🤖 [運行 59分] 步數:638 點擊:75 種花:✕ 位置:(25.04666, 121.51611)
[2026-06-14 17:27:00,021] INFO     GPSMock - 🤖 [運行 60分] 步數:638 點擊:75 種花:✕ 位置:(25.04666, 121.51611)
[2026-06-14 17:27:00,129] INFO     GPSMock - 🤖 [運行 60分] 步數:638 點擊:75 種花:✕ 位置:(25.04666, 121.51611)
[2026-06-14 17:27:00,237] INFO     GPSMock - 🤖 [運行 60分] 步數:638 點擊:75 種花:✕ 位置:(25.04666, 121.51611)
[2026-06-14 17:27:00,345] INFO     GPSMock - 🤖 [運行 60分] 步數:638 點擊:75 種花:✕ 位置:(25.04666, 121.51611)
[2026-06-14 17:27:00,453] INFO     GPSMock - 🤖 [運行 60分] 步數:638 點擊:75 種花:✕ 位置:(25.04666, 121.51611)
[2026-06-14 17:27:00,561] INFO     GPSMock - 🤖 [運行 60分] 步數:638 點擊:75 種花:✕ 位置:(25.04666, 121.51611)
[2026-06-14 17:27:01,116] WARNING  GPSMock - 種花例行程序：ADB 未連線
[2026-06-14 17:27:11,811] WARNING  GPSMock - ⚠ Pikmin Bloom 未在前景運行
[2026-06-14 17:27:11,811] INFO     GPSMock - 啟動 Pikmin Bloom ...
[2026-06-14 17:27:30,091] INFO     GPSMock - 🤖 [運行 60分] 步數:638 點擊:75 種花:✕ 位置:(25.04666, 121.51611)
[2026-06-14 17:28:00,007] INFO     GPSMock - 🤖 [運行 61分] 步數:638 點擊:75 種花:✕ 位置:(25.04666, 121.51611)
[2026-06-14 17:28:00,116] INFO     GPSMock - 🤖 [運行 61分] 步數:638 點擊:75 種花:✕ 位置:(25.04666, 121.51611)
[2026-06-14 17:28:00,225] INFO     GPSMock - 🤖 [運行 61分] 步數:638 點擊:75 種花:✕ 位置:(25.04666, 121.51611)
[2026-06-14 17:28:00,333] INFO     GPSMock - 🤖 [運行 61分] 步數:638 點擊:75 種花:✕ 位置:(25.04666, 121.51611)
[2026-06-14 17:28:00,439] INFO     GPSMock - 🤖 [運行 61分] 步數:638 點擊:75 種花:✕ 位置:(25.04666, 121.51611)
[2026-06-14 17:28:00,549] INFO     GPSMock - 🤖 [運行 61分] 步數:638 點擊:75 種花:✕ 位置:(25.04666, 121.51611)
[2026-06-14 17:28:11,878] WARNING  GPSMock - ⚠ Pikmin Bloom 未在前景運行
[2026-06-14 17:28:11,879] INFO     GPSMock - 啟動 Pikmin Bloom ...
[2026-06-14 17:28:30,053] INFO     GPSMock - 🤖 [運行 61分] 步數:638 點擊:75 種花:✕ 位置:(25.04666, 121.51611)
[2026-06-14 17:28:30,162] INFO     GPSMock - 🤖 [運行 61分] 步數:638 點擊:75 種花:✕ 位置:(25.04666, 121.51611)
[2026-06-14 17:29:00,066] INFO     GPSMock - 🤖 [運行 62分] 步數:638 點擊:75 種花:✕ 位置:(25.04666, 121.51611)
[2026-06-14 17:29:00,175] INFO     GPSMock - 🤖 [運行 62分] 步數:638 點擊:75 種花:✕ 位置:(25.04666, 121.51611)
[2026-06-14 17:29:00,282] INFO     GPSMock - 🤖 [運行 62分] 步數:638 點擊:75 種花:✕ 位置:(25.04666, 121.51611)
[2026-06-14 17:29:00,391] INFO     GPSMock - 🤖 [運行 62分] 步數:638 點擊:75 種花:✕ 位置:(25.04666, 121.51611)
[2026-06-14 17:29:00,500] INFO     GPSMock - 🤖 [運行 62分] 步數:638 點擊:75 種花:✕ 位置:(25.04666, 121.51611)
[2026-06-14 17:29:00,609] INFO     GPSMock - 🤖 [運行 62分] 步數:638 點擊:75 種花:✕ 位置:(25.04666, 121.51611)
[2026-06-14 17:29:11,930] WARNING  GPSMock - ⚠ Pikmin Bloom 未在前景運行
[2026-06-14 17:29:11,930] INFO     GPSMock - 啟動 Pikmin Bloom ...
[2026-06-14 17:29:30,105] INFO     GPSMock - 🤖 [運行 62分] 步數:638 點擊:75 種花:✕ 位置:(25.04666, 121.51611)
[2026-06-14 17:29:30,213] INFO     GPSMock - 🤖 [運行 62分] 步數:638 點擊:75 種花:✕ 位置:(25.04666, 121.51611)
[2026-06-14 17:30:00,028] INFO     GPSMock - 🤖 [運行 63分] 步數:638 點擊:75 種花:✕ 位置:(25.04666, 121.51611)
[2026-06-14 17:30:00,136] INFO     GPSMock - 🤖 [運行 63分] 步數:638 點擊:75 種花:✕ 位置:(25.04666, 121.51611)
[2026-06-14 17:30:00,246] INFO     GPSMock - 🤖 [運行 63分] 步數:638 點擊:75 種花:✕ 位置:(25.04666, 121.51611)
[2026-06-14 17:30:00,354] INFO     GPSMock - 🤖 [運行 63分] 步數:638 點擊:75 種花:✕ 位置:(25.04666, 121.51611)
[2026-06-14 17:30:00,462] INFO     GPSMock - 🤖 [運行 63分] 步數:638 點擊:75 種花:✕ 位置:(25.04666, 121.51611)
[2026-06-14 17:30:00,571] INFO     GPSMock - 🤖 [運行 63分] 步數:638 點擊:75 種花:✕ 位置:(25.04666, 121.51611)
[2026-06-14 17:30:00,681] INFO     GPSMock - 🤖 [運行 63分] 步數:638 點擊:75 種花:✕ 位置:(25.04666, 121.51611)
[2026-06-14 17:30:12,024] WARNING  GPSMock - ⚠ Pikmin Bloom 未在前景運行
[2026-06-14 17:30:12,024] INFO     GPSMock - 啟動 Pikmin Bloom ...
[2026-06-14 17:30:30,098] INFO     GPSMock - 🤖 [運行 63分] 步數:638 點擊:75 種花:✕ 位置:(25.04666, 121.51611)
[2026-06-14 17:30:30,208] INFO     GPSMock - 🤖 [運行 63分] 步數:638 點擊:75 種花:✕ 位置:(25.04666, 121.51611)
[2026-06-14 17:30:30,319] INFO     GPSMock - 🤖 [運行 64分] 步數:638 點擊:75 種花:✕ 位置:(25.04666, 121.51611)
[2026-06-14 17:31:00,038] INFO     GPSMock - 🤖 [運行 64分] 步數:638 點擊:75 種花:✕ 位置:(25.04666, 121.51611)
[2026-06-14 17:31:00,145] INFO     GPSMock - 🤖 [運行 64分] 步數:638 點擊:75 種花:✕ 位置:(25.04666, 121.51611)
[2026-06-14 17:31:00,253] INFO     GPSMock - 🤖 [運行 64分] 步數:638 點擊:75 種花:✕ 位置:(25.04666, 121.51611)
[2026-06-14 17:31:00,362] INFO     GPSMock - 🤖 [運行 64分] 步數:638 點擊:75 種花:✕ 位置:(25.04666, 121.51611)
[2026-06-14 17:31:00,470] INFO     GPSMock - 🤖 [運行 64分] 步數:638 點擊:75 種花:✕ 位置:(25.04666, 121.51611)
[2026-06-14 17:31:00,580] INFO     GPSMock - 🤖 [運行 64分] 步數:638 點擊:75 種花:✕ 位置:(25.04666, 121.51611)
[2026-06-14 17:31:00,689] INFO     GPSMock - 🤖 [運行 64分] 步數:638 點擊:75 種花:✕ 位置:(25.04666, 121.51611)
[2026-06-14 17:31:00,798] INFO     GPSMock - 🤖 [運行 64分] 步數:638 點擊:75 種花:✕ 位置:(25.04666, 121.51611)
[2026-06-14 17:31:12,114] WARNING  GPSMock - ⚠ Pikmin Bloom 未在前景運行
[2026-06-14 17:31:12,114] INFO     GPSMock - 啟動 Pikmin Bloom ...
[2026-06-14 17:31:30,078] INFO     GPSMock - 🤖 [運行 64分] 步數:638 點擊:75 種花:✕ 位置:(25.04666, 121.51611)
[2026-06-14 17:31:30,188] INFO     GPSMock - 🤖 [運行 64分] 步數:638 點擊:75 種花:✕ 位置:(25.04666, 121.51611)
[2026-06-14 17:31:30,296] INFO     GPSMock - 🤖 [運行 65分] 步數:638 點擊:75 種花:✕ 位置:(25.04666, 121.51611)
[2026-06-14 17:31:30,403] INFO     GPSMock - 🤖 [運行 65分] 步數:638 點擊:75 種花:✕ 位置:(25.04666, 121.51611)
[2026-06-14 17:32:00,085] INFO     GPSMock - 🤖 [運行 65分] 步數:638 點擊:75 種花:✕ 位置:(25.04666, 121.51611)
[2026-06-14 17:32:00,193] INFO     GPSMock - 🤖 [運行 65分] 步數:638 點擊:75 種花:✕ 位置:(25.04666, 121.51611)
[2026-06-14 17:32:00,302] INFO     GPSMock - 🤖 [運行 65分] 步數:638 點擊:75 種花:✕ 位置:(25.04666, 121.51611)
[2026-06-14 17:32:00,411] INFO     GPSMock - 🤖 [運行 65分] 步數:638 點擊:75 種花:✕ 位置:(25.04666, 121.51611)
[2026-06-14 17:32:00,519] INFO     GPSMock - 🤖 [運行 65分] 步數:638 點擊:75 種花:✕ 位置:(25.04666, 121.51611)
[2026-06-14 17:32:00,628] INFO     GPSMock - 🤖 [運行 65分] 步數:638 點擊:75 種花:✕ 位置:(25.04666, 121.51611)
[2026-06-14 17:32:00,736] INFO     GPSMock - 🤖 [運行 65分] 步數:638 點擊:75 種花:✕ 位置:(25.04666, 121.51611)
[2026-06-14 17:32:00,846] INFO     GPSMock - 🤖 [運行 65分] 步數:638 點擊:75 種花:✕ 位置:(25.04666, 121.51611)
[2026-06-14 17:32:01,186] WARNING  GPSMock - 種花例行程序：ADB 未連線
[2026-06-14 17:32:12,178] WARNING  GPSMock - ⚠ Pikmin Bloom 未在前景運行
[2026-06-14 17:32:12,178] INFO     GPSMock - 啟動 Pikmin Bloom ...
[2026-06-14 17:32:30,022] INFO     GPSMock - 🤖 [運行 65分] 步數:638 點擊:75 種花:✕ 位置:(25.04666, 121.51611)
[2026-06-14 17:32:30,131] INFO     GPSMock - 🤖 [運行 65分] 步數:638 點擊:75 種花:✕ 位置:(25.04666, 121.51611)
[2026-06-14 17:32:30,240] INFO     GPSMock - 🤖 [運行 65分] 步數:638 點擊:75 種花:✕ 位置:(25.04666, 121.51611)
[2026-06-14 17:32:30,348] INFO     GPSMock - 🤖 [運行 66分] 步數:638 點擊:75 種花:✕ 位置:(25.04666, 121.51611)
[2026-06-14 17:32:30,455] INFO     GPSMock - 🤖 [運行 66分] 步數:638 點擊:75 種花:✕ 位置:(25.04666, 121.51611)
[2026-06-14 17:33:00,042] INFO     GPSMock - 🤖 [運行 66分] 步數:638 點擊:75 種花:✕ 位置:(25.04666, 121.51611)
[2026-06-14 17:33:00,150] INFO     GPSMock - 🤖 [運行 66分] 步數:638 點擊:75 種花:✕ 位置:(25.04666, 121.51611)
[2026-06-14 17:33:00,259] INFO     GPSMock - 🤖 [運行 66分] 步數:638 點擊:75 種花:✕ 位置:(25.04666, 121.51611)
[2026-06-14 17:33:00,367] INFO     GPSMock - 🤖 [運行 66分] 步數:638 點擊:75 種花:✕ 位置:(25.04666, 121.51611)
[2026-06-14 17:33:00,475] INFO     GPSMock - 🤖 [運行 66分] 步數:638 點擊:75 種花:✕ 位置:(25.04666, 121.51611)
[2026-06-14 17:33:00,583] INFO     GPSMock - 🤖 [運行 66分] 步數:638 點擊:75 種花:✕ 位置:(25.04666, 121.51611)
[2026-06-14 17:33:00,692] INFO     GPSMock - 🤖 [運行 66分] 步數:638 點擊:75 種花:✕ 位置:(25.04666, 121.51611)
[2026-06-14 17:33:00,800] INFO     GPSMock - 🤖 [運行 66分] 步數:638 點擊:75 種花:✕ 位置:(25.04666, 121.51611)
[2026-06-14 17:33:00,909] INFO     GPSMock - 🤖 [運行 66分] 步數:638 點擊:75 種花:✕ 位置:(25.04666, 121.51611)
[2026-06-14 17:33:12,244] WARNING  GPSMock - ⚠ Pikmin Bloom 未在前景運行
[2026-06-14 17:33:12,244] INFO     GPSMock - 啟動 Pikmin Bloom ...
[2026-06-14 17:33:30,100] INFO     GPSMock - 🤖 [運行 66分] 步數:638 點擊:75 種花:✕ 位置:(25.04666, 121.51611)
[2026-06-14 17:33:30,208] INFO     GPSMock - 🤖 [運行 66分] 步數:638 點擊:75 種花:✕ 位置:(25.04666, 121.51611)
[2026-06-14 17:33:30,316] INFO     GPSMock - 🤖 [運行 67分] 步數:638 點擊:75 種花:✕ 位置:(25.04666, 121.51611)
[2026-06-14 17:33:30,424] INFO     GPSMock - 🤖 [運行 67分] 步數:638 點擊:75 種花:✕ 位置:(25.04666, 121.51611)
[2026-06-14 17:33:30,532] INFO     GPSMock - 🤖 [運行 67分] 步數:638 點擊:75 種花:✕ 位置:(25.04666, 121.51611)
[2026-06-14 17:34:12,327] WARNING  GPSMock - ⚠ Pikmin Bloom 未在前景運行
[2026-06-14 17:34:12,327] INFO     GPSMock - 啟動 Pikmin Bloom ...
