[2026-06-14 18:51:37,837] WARNING  GPSMock - pymobiledevice3 未安裝。iOS 偵測功能將被停用。
[2026-06-14 18:51:37,837] INFO     GPSMock - ============================================================
[2026-06-14 18:51:37,837] INFO     GPSMock -   Pikmin Bloom GPS 模擬器 v1.0.0
[2026-06-14 18:51:37,837] INFO     GPSMock -   目標手機: 192.168.68.62:8888
[2026-06-14 18:51:37,838] INFO     GPSMock -   起始位置: (25.047800, 121.517000)
[2026-06-14 18:51:37,838] INFO     GPSMock - ============================================================
[2026-06-14 18:51:37,838] INFO     GPSMock - ============================================================
[2026-06-14 18:51:37,838] INFO     GPSMock -   運行前檢查 (Preflight Checklist)
[2026-06-14 18:51:37,838] INFO     GPSMock - ============================================================
[2026-06-14 18:51:37,838] INFO     GPSMock - 
[1/5] 檢查 ADB 裝置連線...
[2026-06-14 18:51:37,854] WARNING  GPSMock - 未找到任何 Android 裝置。請確認 USB 已連接且 USB 偵錯已開啟。
[2026-06-14 18:51:37,854] ERROR    GPSMock -   ✗ 未找到任何 Android 裝置。請確認 USB 已連接且 USB 偵錯已開啟。
[2026-06-14 18:51:37,854] INFO     GPSMock - 
[2/5] iOS 檢查已跳過
[2026-06-14 18:51:37,854] INFO     GPSMock - 
[3/5] 檢查網路連線至 192.168.68.62...
[2026-06-14 18:51:37,916] INFO     GPSMock -   ✓ 192.168.68.62 可 ping 通
[2026-06-14 18:51:37,916] INFO     GPSMock - 
[4/5] 檢查 TCP 埠號 8888 是否可連線...
[2026-06-14 18:51:40,366] WARNING  GPSMock -   ⚠ 埠號 8888 連線被拒絕，請確認手機端伺服器已啟動
[2026-06-14 18:51:40,367] INFO     GPSMock - 
[5/5] TCP 連線與雙向交握驗證...
[2026-06-14 18:51:40,367] INFO     GPSMock - 正在連線至 192.168.68.62:8888 (超時 10 秒)...
[2026-06-14 18:51:42,726] ERROR    GPSMock - Socket 連線失敗: [WinError 10061] No connection could be made because the target machine actively refused it
[2026-06-14 18:51:42,726] ERROR    GPSMock -   ✗ 連線被拒絕。請確認手機端的伺服器應用程式已在運行。
[2026-06-14 18:51:42,726] INFO     GPSMock - 
============================================================
[2026-06-14 18:51:42,727] WARNING  GPSMock -   ⚠ 部分檢查未通過，請修正後重新運行。
[2026-06-14 18:51:42,727] WARNING  GPSMock -   可以透過 --skip-adb 跳過 ADB 檢查。
[2026-06-14 18:51:42,727] INFO     GPSMock - ============================================================
[2026-06-14 18:51:42,727] ERROR    GPSMock - 運行前檢查未通過。請修正問題後重試。
提示: 使用 --skip-adb 可跳過 ADB 檢查（需已知手機 IP）
