[2026-06-14 16:10:30,470] WARNING  GPSMock - pymobiledevice3 未安裝。iOS 偵測功能將被停用。
[2026-06-14 16:10:30,470] INFO     GPSMock - ============================================================
[2026-06-14 16:10:30,471] INFO     GPSMock -   Pikmin Bloom GPS 模擬器 v1.0.0
[2026-06-14 16:10:30,471] INFO     GPSMock -   目標手機: 192.168.1.100:8888
[2026-06-14 16:10:30,471] INFO     GPSMock -   起始位置: (25.047800, 121.517000)
[2026-06-14 16:10:30,471] INFO     GPSMock - ============================================================
[2026-06-14 16:10:30,471] INFO     GPSMock - ============================================================
[2026-06-14 16:10:30,471] INFO     GPSMock -   運行前檢查 (Preflight Checklist)
[2026-06-14 16:10:30,471] INFO     GPSMock - ============================================================
[2026-06-14 16:10:30,471] INFO     GPSMock - 
[1/5] 檢查 ADB 裝置連線...
[2026-06-14 16:10:30,472] ERROR    GPSMock - 找不到 ADB 執行檔: adb
[2026-06-14 16:10:30,472] ERROR    GPSMock -   ✗ ADB 檢查失敗: 找不到 ADB 執行檔: adb
[2026-06-14 16:10:30,472] INFO     GPSMock - 
[2/5] iOS 檢查已跳過
[2026-06-14 16:10:30,472] INFO     GPSMock - 
[3/5] 檢查網路連線至 192.168.1.100...
[2026-06-14 16:10:33,291] WARNING  GPSMock -   ⚠ 192.168.1.100 ping 失敗 (可能防火牆阻擋 ICMP)
[2026-06-14 16:10:33,291] INFO     GPSMock - 
[4/5] 檢查 TCP 埠號 8888 是否可連線...
[2026-06-14 16:10:36,294] WARNING  GPSMock -   ⚠ 埠號 8888 無法連線 (錯誤碼: 10035)
[2026-06-14 16:10:36,294] INFO     GPSMock - 
[5/5] TCP 連線與雙向交握驗證...
[2026-06-14 16:10:36,294] INFO     GPSMock - 正在連線至 192.168.1.100:8888 (超時 10 秒)...
[2026-06-14 16:10:46,298] ERROR    GPSMock - 連線超時 (>10秒): 192.168.1.100:8888
[2026-06-14 16:10:46,298] ERROR    GPSMock -   ✗ 連線超時 (>10秒): 192.168.1.100:8888
[2026-06-14 16:10:46,299] INFO     GPSMock - 
============================================================
[2026-06-14 16:10:46,299] WARNING  GPSMock -   ⚠ 部分檢查未通過，請修正後重新運行。
[2026-06-14 16:10:46,299] WARNING  GPSMock -   可以透過 --skip-adb 跳過 ADB 檢查。
[2026-06-14 16:10:46,299] INFO     GPSMock - ============================================================
[2026-06-14 16:10:46,299] ERROR    GPSMock - 運行前檢查未通過。請修正問題後重試。
提示: 使用 --skip-adb 可跳過 ADB 檢查（需已知手機 IP）
